The target system is: Linux - 1 - aarch64
The host system is: Linux - 5.15.0-86-generic - x86_64
Compiling the C compiler identification source file "CMakeCCompilerId.c" succeeded.
Compiler: /usr/local/oecore-x86_64/sysroots/x86_64-oesdk-linux/usr/bin/arm-openbmc-linux-gnueabi/arm-openbmc-linux-gnueabi-gcc 
Build flags: --sysroot=/usr/local/oecore-x86_64/sysroots/armv7ahf-vfpv4d16-openbmc-linux-gnueabi;-mfloat-abi=hard;-mfpu=neon
Id flags:  

The output was:
0


Compilation of the C compiler identification source "CMakeCCompilerId.c" produced "a.out"

The C compiler identification is GNU, found in "/home/yjlee/git_yj/BMC-CrossCompile/rwi2c/build/CMakeFiles/3.22.1/CompilerIdC/a.out"

Compiling the CXX compiler identification source file "CMakeCXXCompilerId.cpp" succeeded.
Compiler: /usr/local/oecore-x86_64/sysroots/x86_64-oesdk-linux/usr/bin/arm-openbmc-linux-gnueabi/arm-openbmc-linux-gnueabi-g++ 
Build flags: --sysroot=/usr/local/oecore-x86_64/sysroots/armv7ahf-vfpv4d16-openbmc-linux-gnueabi;-mfloat-abi=hard;-mfpu=neon
Id flags:  

The output was:
0


Compilation of the CXX compiler identification source "CMakeCXXCompilerId.cpp" produced "a.out"

The CXX compiler identification is GNU, found in "/home/yjlee/git_yj/BMC-CrossCompile/rwi2c/build/CMakeFiles/3.22.1/CompilerIdCXX/a.out"

Detecting C compiler ABI info compiled with the following output:
Change Dir: /home/yjlee/git_yj/BMC-CrossCompile/rwi2c/build/CMakeFiles/CMakeTmp

Run Build Command(s):/usr/bin/ninja cmTC_f5ad0 && [1/2] Building C object CMakeFiles/cmTC_f5ad0.dir/CMakeCCompilerABI.c.o
Using built-in specs.
COLLECT_GCC=/usr/local/oecore-x86_64/sysroots/x86_64-oesdk-linux/usr/bin/arm-openbmc-linux-gnueabi/arm-openbmc-linux-gnueabi-gcc
Target: arm-openbmc-linux-gnueabi
Configured with: ../../../../../../work-shared/gcc-11.2.0-r0/gcc-11.2.0/configure --build=x86_64-linux --host=x86_64-oesdk-linux --target=arm-openbmc-linux-gnueabi --prefix=/usr/local/oe-sdk-hardcoded-buildpath/sysroots/x86_64-oesdk-linux/usr --exec_prefix=/usr/local/oe-sdk-hardcoded-buildpath/sysroots/x86_64-oesdk-linux/usr --bindir=/usr/local/oe-sdk-hardcoded-buildpath/sysroots/x86_64-oesdk-linux/usr/bin/arm-openbmc-linux-gnueabi --sbindir=/usr/local/oe-sdk-hardcoded-buildpath/sysroots/x86_64-oesdk-linux/usr/bin/arm-openbmc-linux-gnueabi --libexecdir=/usr/local/oe-sdk-hardcoded-buildpath/sysroots/x86_64-oesdk-linux/usr/libexec/arm-openbmc-linux-gnueabi --datadir=/usr/local/oe-sdk-hardcoded-buildpath/sysroots/x86_64-oesdk-linux/usr/share --sysconfdir=/usr/local/oe-sdk-hardcoded-buildpath/sysroots/x86_64-oesdk-linux/etc --sharedstatedir=/usr/local/oe-sdk-hardcoded-buildpath/sysroots/x86_64-oesdk-linux/com --localstatedir=/usr/local/oe-sdk-hardcoded-buildpath/sysroots/x86_64-oesdk-linux/var --libdir=/usr/local/oe-sdk-hardcoded-buildpath/sysroots/x86_64-oesdk-linux/usr/lib/arm-openbmc-linux-gnueabi --includedir=/usr/local/oe-sdk-hardcoded-buildpath/sysroots/x86_64-oesdk-linux/usr/include --oldincludedir=/usr/local/oe-sdk-hardcoded-buildpath/sysroots/x86_64-oesdk-linux/usr/include --infodir=/usr/local/oe-sdk-hardcoded-buildpath/sysroots/x86_64-oesdk-linux/usr/share/info --mandir=/usr/local/oe-sdk-hardcoded-buildpath/sysroots/x86_64-oesdk-linux/usr/share/man --disable-silent-rules --disable-dependency-tracking --with-libtool-sysroot=/home/sikim/project/bmc/obmc_phoenix_V3.01/build/archercity/tmp/work/x86_64-nativesdk-oesdk-linux/gcc-cross-canadian-arm/11.2.0-r0/recipe-sysroot --with-gnu-ld --enable-shared --enable-languages=c,c++ --enable-threads=posix --enable-multilib --enable-default-pie --enable-c99 --enable-long-long --enable-symvers=gnu --enable-libstdcxx-pch --program-prefix=arm-openbmc-linux-gnueabi- --without-local-prefix --disable-install-libiberty --disable-libssp --enable-libitm --enable-lto --disable-bootstrap --with-system-zlib --with-linker-hash-style=gnu --enable-linker-build-id --with-ppl=no --with-cloog=no --enable-checking=release --enable-cheaders=c_global --without-isl --with-gxx-include-dir=/not/exist/usr/include/c++/11.2.0 --with-build-time-tools=/home/sikim/project/bmc/obmc_phoenix_V3.01/build/archercity/tmp/work/x86_64-nativesdk-oesdk-linux/gcc-cross-canadian-arm/11.2.0-r0/recipe-sysroot-native/usr/arm-openbmc-linux-gnueabi/bin --with-sysroot=/not/exist --with-build-sysroot=/home/sikim/project/bmc/obmc_phoenix_V3.01/build/archercity/tmp/work/x86_64-nativesdk-oesdk-linux/gcc-cross-canadian-arm/11.2.0-r0/recipe-sysroot --enable-standard-branch-protection --enable-poison-system-directories --disable-static --enable-nls --with-glibc-version=2.28 --enable-initfini-array
Thread model: posix
Supported LTO compression algorithms: zlib
gcc version 11.2.0 (GCC) 
COLLECT_GCC_OPTIONS='--sysroot=/usr/local/oecore-x86_64/sysroots/armv7ahf-vfpv4d16-openbmc-linux-gnueabi' '-mfloat-abi=hard' '-mfpu=neon' '-v' '-o' 'CMakeFiles/cmTC_f5ad0.dir/CMakeCCompilerABI.c.o' '-c' '-mcpu=arm10tdmi' '-mtls-dialect=gnu' '-marm' '-mlibarch=armv5t' '-march=armv5t' '-dumpdir' 'CMakeFiles/cmTC_f5ad0.dir/'
 /usr/local/oecore-x86_64/sysroots/x86_64-oesdk-linux/usr/libexec/arm-openbmc-linux-gnueabi/gcc/arm-openbmc-linux-gnueabi/11.2.0/cc1 -quiet -v -isysroot /usr/local/oecore-x86_64/sysroots/armv7ahf-vfpv4d16-openbmc-linux-gnueabi /usr/share/cmake-3.22/Modules/CMakeCCompilerABI.c -quiet -dumpdir CMakeFiles/cmTC_f5ad0.dir/ -dumpbase CMakeCCompilerABI.c.c -dumpbase-ext .c -mfloat-abi=hard -mfpu=neon -mcpu=arm10tdmi -mtls-dialect=gnu -marm -mlibarch=armv5t -march=armv5t -version -o /tmp/ccSbWYG3.s
GNU C17 (GCC) version 11.2.0 (arm-openbmc-linux-gnueabi)
	compiled by GNU C version 11.2.0, GMP version 6.2.1, MPFR version 4.1.0, MPC version 1.2.1, isl version none
GGC heuristics: --param ggc-min-expand=100 --param ggc-min-heapsize=131072
ignoring nonexistent directory "/usr/local/oecore-x86_64/sysroots/armv7ahf-vfpv4d16-openbmc-linux-gnueabi/usr/lib/arm-openbmc-linux-gnueabi/11.2.0/include"
ignoring nonexistent directory "/usr/local/oecore-x86_64/sysroots/armv7ahf-vfpv4d16-openbmc-linux-gnueabi/usr/local/include"
ignoring nonexistent directory "/usr/local/oecore-x86_64/sysroots/x86_64-oesdk-linux/usr/lib/arm-openbmc-linux-gnueabi/gcc/arm-openbmc-linux-gnueabi/11.2.0/../../../../../arm-openbmc-linux-gnueabi/include"
#include "..." search starts here:
#include <...> search starts here:
 /usr/local/oecore-x86_64/sysroots/x86_64-oesdk-linux/usr/lib/arm-openbmc-linux-gnueabi/gcc/arm-openbmc-linux-gnueabi/11.2.0/include
 /usr/local/oecore-x86_64/sysroots/x86_64-oesdk-linux/usr/lib/arm-openbmc-linux-gnueabi/gcc/arm-openbmc-linux-gnueabi/11.2.0/include-fixed
 /usr/local/oecore-x86_64/sysroots/armv7ahf-vfpv4d16-openbmc-linux-gnueabi/usr/include/
End of search list.
GNU C17 (GCC) version 11.2.0 (arm-openbmc-linux-gnueabi)
	compiled by GNU C version 11.2.0, GMP version 6.2.1, MPFR version 4.1.0, MPC version 1.2.1, isl version none
GGC heuristics: --param ggc-min-expand=100 --param ggc-min-heapsize=131072
Compiler executable checksum: 8aef6514ae7a26aa93cc9250ab2c792e
COLLECT_GCC_OPTIONS='--sysroot=/usr/local/oecore-x86_64/sysroots/armv7ahf-vfpv4d16-openbmc-linux-gnueabi' '-mfloat-abi=hard' '-mfpu=neon' '-v' '-o' 'CMakeFiles/cmTC_f5ad0.dir/CMakeCCompilerABI.c.o' '-c' '-mcpu=arm10tdmi' '-mtls-dialect=gnu' '-marm' '-mlibarch=armv5t' '-march=armv5t' '-dumpdir' 'CMakeFiles/cmTC_f5ad0.dir/'
 /usr/local/oecore-x86_64/sysroots/x86_64-oesdk-linux/usr/libexec/arm-openbmc-linux-gnueabi/gcc/arm-openbmc-linux-gnueabi/11.2.0/as -v -march=armv5t -mfloat-abi=hard -mfpu=neon -meabi=5 -o CMakeFiles/cmTC_f5ad0.dir/CMakeCCompilerABI.c.o /tmp/ccSbWYG3.s
GNU assembler version 2.37 (arm-openbmc-linux-gnueabi) using BFD version (GNU Binutils) 2.37.20210721
COMPILER_PATH=/usr/local/oecore-x86_64/sysroots/x86_64-oesdk-linux/usr/libexec/arm-openbmc-linux-gnueabi/gcc/arm-openbmc-linux-gnueabi/11.2.0/:/usr/local/oecore-x86_64/sysroots/x86_64-oesdk-linux/usr/libexec/arm-openbmc-linux-gnueabi/gcc/arm-openbmc-linux-gnueabi/11.2.0/:/usr/local/oecore-x86_64/sysroots/x86_64-oesdk-linux/usr/libexec/arm-openbmc-linux-gnueabi/gcc/arm-openbmc-linux-gnueabi/:/usr/local/oecore-x86_64/sysroots/x86_64-oesdk-linux/usr/lib/arm-openbmc-linux-gnueabi/gcc/arm-openbmc-linux-gnueabi/11.2.0/:/usr/local/oecore-x86_64/sysroots/x86_64-oesdk-linux/usr/lib/arm-openbmc-linux-gnueabi/gcc/arm-openbmc-linux-gnueabi/
LIBRARY_PATH=/usr/local/oecore-x86_64/sysroots/x86_64-oesdk-linux/usr/lib/arm-openbmc-linux-gnueabi/gcc/arm-openbmc-linux-gnueabi/11.2.0/:/usr/local/oecore-x86_64/sysroots/armv7ahf-vfpv4d16-openbmc-linux-gnueabi/lib/:/usr/local/oecore-x86_64/sysroots/armv7ahf-vfpv4d16-openbmc-linux-gnueabi/usr/lib/arm-openbmc-linux-gnueabi/11.2.0/:/usr/local/oecore-x86_64/sysroots/armv7ahf-vfpv4d16-openbmc-linux-gnueabi/usr/lib/
COLLECT_GCC_OPTIONS='--sysroot=/usr/local/oecore-x86_64/sysroots/armv7ahf-vfpv4d16-openbmc-linux-gnueabi' '-mfloat-abi=hard' '-mfpu=neon' '-v' '-o' 'CMakeFiles/cmTC_f5ad0.dir/CMakeCCompilerABI.c.o' '-c' '-mcpu=arm10tdmi' '-mtls-dialect=gnu' '-marm' '-mlibarch=armv5t' '-march=armv5t' '-dumpdir' 'CMakeFiles/cmTC_f5ad0.dir/CMakeCCompilerABI.c.'
[2/2] Linking C executable cmTC_f5ad0
Using built-in specs.
COLLECT_GCC=/usr/local/oecore-x86_64/sysroots/x86_64-oesdk-linux/usr/bin/arm-openbmc-linux-gnueabi/arm-openbmc-linux-gnueabi-gcc
COLLECT_LTO_WRAPPER=/usr/local/oecore-x86_64/sysroots/x86_64-oesdk-linux/usr/libexec/arm-openbmc-linux-gnueabi/gcc/arm-openbmc-linux-gnueabi/11.2.0/lto-wrapper
Target: arm-openbmc-linux-gnueabi
Configured with: ../../../../../../work-shared/gcc-11.2.0-r0/gcc-11.2.0/configure --build=x86_64-linux --host=x86_64-oesdk-linux --target=arm-openbmc-linux-gnueabi --prefix=/usr/local/oe-sdk-hardcoded-buildpath/sysroots/x86_64-oesdk-linux/usr --exec_prefix=/usr/local/oe-sdk-hardcoded-buildpath/sysroots/x86_64-oesdk-linux/usr --bindir=/usr/local/oe-sdk-hardcoded-buildpath/sysroots/x86_64-oesdk-linux/usr/bin/arm-openbmc-linux-gnueabi --sbindir=/usr/local/oe-sdk-hardcoded-buildpath/sysroots/x86_64-oesdk-linux/usr/bin/arm-openbmc-linux-gnueabi --libexecdir=/usr/local/oe-sdk-hardcoded-buildpath/sysroots/x86_64-oesdk-linux/usr/libexec/arm-openbmc-linux-gnueabi --datadir=/usr/local/oe-sdk-hardcoded-buildpath/sysroots/x86_64-oesdk-linux/usr/share --sysconfdir=/usr/local/oe-sdk-hardcoded-buildpath/sysroots/x86_64-oesdk-linux/etc --sharedstatedir=/usr/local/oe-sdk-hardcoded-buildpath/sysroots/x86_64-oesdk-linux/com --localstatedir=/usr/local/oe-sdk-hardcoded-buildpath/sysroots/x86_64-oesdk-linux/var --libdir=/usr/local/oe-sdk-hardcoded-buildpath/sysroots/x86_64-oesdk-linux/usr/lib/arm-openbmc-linux-gnueabi --includedir=/usr/local/oe-sdk-hardcoded-buildpath/sysroots/x86_64-oesdk-linux/usr/include --oldincludedir=/usr/local/oe-sdk-hardcoded-buildpath/sysroots/x86_64-oesdk-linux/usr/include --infodir=/usr/local/oe-sdk-hardcoded-buildpath/sysroots/x86_64-oesdk-linux/usr/share/info --mandir=/usr/local/oe-sdk-hardcoded-buildpath/sysroots/x86_64-oesdk-linux/usr/share/man --disable-silent-rules --disable-dependency-tracking --with-libtool-sysroot=/home/sikim/project/bmc/obmc_phoenix_V3.01/build/archercity/tmp/work/x86_64-nativesdk-oesdk-linux/gcc-cross-canadian-arm/11.2.0-r0/recipe-sysroot --with-gnu-ld --enable-shared --enable-languages=c,c++ --enable-threads=posix --enable-multilib --enable-default-pie --enable-c99 --enable-long-long --enable-symvers=gnu --enable-libstdcxx-pch --program-prefix=arm-openbmc-linux-gnueabi- --without-local-prefix --disable-install-libiberty --disable-libssp --enable-libitm --enable-lto --disable-bootstrap --with-system-zlib --with-linker-hash-style=gnu --enable-linker-build-id --with-ppl=no --with-cloog=no --enable-checking=release --enable-cheaders=c_global --without-isl --with-gxx-include-dir=/not/exist/usr/include/c++/11.2.0 --with-build-time-tools=/home/sikim/project/bmc/obmc_phoenix_V3.01/build/archercity/tmp/work/x86_64-nativesdk-oesdk-linux/gcc-cross-canadian-arm/11.2.0-r0/recipe-sysroot-native/usr/arm-openbmc-linux-gnueabi/bin --with-sysroot=/not/exist --with-build-sysroot=/home/sikim/project/bmc/obmc_phoenix_V3.01/build/archercity/tmp/work/x86_64-nativesdk-oesdk-linux/gcc-cross-canadian-arm/11.2.0-r0/recipe-sysroot --enable-standard-branch-protection --enable-poison-system-directories --disable-static --enable-nls --with-glibc-version=2.28 --enable-initfini-array
Thread model: posix
Supported LTO compression algorithms: zlib
gcc version 11.2.0 (GCC) 
COMPILER_PATH=/usr/local/oecore-x86_64/sysroots/x86_64-oesdk-linux/usr/libexec/arm-openbmc-linux-gnueabi/gcc/arm-openbmc-linux-gnueabi/11.2.0/:/usr/local/oecore-x86_64/sysroots/x86_64-oesdk-linux/usr/libexec/arm-openbmc-linux-gnueabi/gcc/arm-openbmc-linux-gnueabi/11.2.0/:/usr/local/oecore-x86_64/sysroots/x86_64-oesdk-linux/usr/libexec/arm-openbmc-linux-gnueabi/gcc/arm-openbmc-linux-gnueabi/:/usr/local/oecore-x86_64/sysroots/x86_64-oesdk-linux/usr/lib/arm-openbmc-linux-gnueabi/gcc/arm-openbmc-linux-gnueabi/11.2.0/:/usr/local/oecore-x86_64/sysroots/x86_64-oesdk-linux/usr/lib/arm-openbmc-linux-gnueabi/gcc/arm-openbmc-linux-gnueabi/
LIBRARY_PATH=/usr/local/oecore-x86_64/sysroots/x86_64-oesdk-linux/usr/lib/arm-openbmc-linux-gnueabi/gcc/arm-openbmc-linux-gnueabi/11.2.0/:/usr/local/oecore-x86_64/sysroots/armv7ahf-vfpv4d16-openbmc-linux-gnueabi/lib/:/usr/local/oecore-x86_64/sysroots/armv7ahf-vfpv4d16-openbmc-linux-gnueabi/usr/lib/arm-openbmc-linux-gnueabi/11.2.0/:/usr/local/oecore-x86_64/sysroots/armv7ahf-vfpv4d16-openbmc-linux-gnueabi/usr/lib/
COLLECT_GCC_OPTIONS='--sysroot=/usr/local/oecore-x86_64/sysroots/armv7ahf-vfpv4d16-openbmc-linux-gnueabi' '-mfloat-abi=hard' '-mfpu=neon' '-v' '-rdynamic' '-o' 'cmTC_f5ad0' '-mcpu=arm10tdmi' '-mtls-dialect=gnu' '-marm' '-mlibarch=armv5t' '-march=armv5t' '-dumpdir' 'cmTC_f5ad0.'
 /usr/local/oecore-x86_64/sysroots/x86_64-oesdk-linux/usr/libexec/arm-openbmc-linux-gnueabi/gcc/arm-openbmc-linux-gnueabi/11.2.0/collect2 -plugin /usr/local/oecore-x86_64/sysroots/x86_64-oesdk-linux/usr/libexec/arm-openbmc-linux-gnueabi/gcc/arm-openbmc-linux-gnueabi/11.2.0/liblto_plugin.so -plugin-opt=/usr/local/oecore-x86_64/sysroots/x86_64-oesdk-linux/usr/libexec/arm-openbmc-linux-gnueabi/gcc/arm-openbmc-linux-gnueabi/11.2.0/lto-wrapper -plugin-opt=-fresolution=/tmp/ccHdqAfI.res -plugin-opt=-pass-through=-lgcc -plugin-opt=-pass-through=-lgcc_s -plugin-opt=-pass-through=-lc -plugin-opt=-pass-through=-lgcc -plugin-opt=-pass-through=-lgcc_s --sysroot=/usr/local/oecore-x86_64/sysroots/armv7ahf-vfpv4d16-openbmc-linux-gnueabi --build-id --eh-frame-hdr --hash-style=gnu -export-dynamic -dynamic-linker /lib/ld-linux-armhf.so.3 -X -m armelf_linux_eabi -pie -o cmTC_f5ad0 /usr/local/oecore-x86_64/sysroots/armv7ahf-vfpv4d16-openbmc-linux-gnueabi/usr/lib/Scrt1.o /usr/local/oecore-x86_64/sysroots/armv7ahf-vfpv4d16-openbmc-linux-gnueabi/usr/lib/crti.o /usr/local/oecore-x86_64/sysroots/armv7ahf-vfpv4d16-openbmc-linux-gnueabi/usr/lib/arm-openbmc-linux-gnueabi/11.2.0/crtbeginS.o -L/usr/local/oecore-x86_64/sysroots/x86_64-oesdk-linux/usr/lib/arm-openbmc-linux-gnueabi/gcc/arm-openbmc-linux-gnueabi/11.2.0 -L/usr/local/oecore-x86_64/sysroots/armv7ahf-vfpv4d16-openbmc-linux-gnueabi/lib -L/usr/local/oecore-x86_64/sysroots/armv7ahf-vfpv4d16-openbmc-linux-gnueabi/usr/lib/arm-openbmc-linux-gnueabi/11.2.0 -L/usr/local/oecore-x86_64/sysroots/armv7ahf-vfpv4d16-openbmc-linux-gnueabi/usr/lib CMakeFiles/cmTC_f5ad0.dir/CMakeCCompilerABI.c.o -lgcc --push-state --as-needed -lgcc_s --pop-state -lc -lgcc --push-state --as-needed -lgcc_s --pop-state /usr/local/oecore-x86_64/sysroots/armv7ahf-vfpv4d16-openbmc-linux-gnueabi/usr/lib/arm-openbmc-linux-gnueabi/11.2.0/crtendS.o /usr/local/oecore-x86_64/sysroots/armv7ahf-vfpv4d16-openbmc-linux-gnueabi/usr/lib/crtn.o
COLLECT_GCC_OPTIONS='--sysroot=/usr/local/oecore-x86_64/sysroots/armv7ahf-vfpv4d16-openbmc-linux-gnueabi' '-mfloat-abi=hard' '-mfpu=neon' '-v' '-rdynamic' '-o' 'cmTC_f5ad0' '-mcpu=arm10tdmi' '-mtls-dialect=gnu' '-marm' '-mlibarch=armv5t' '-march=armv5t' '-dumpdir' 'cmTC_f5ad0.'



Parsed C implicit include dir info from above output: rv=done
  found start of include info
  found start of implicit include info
    add: [/usr/local/oecore-x86_64/sysroots/x86_64-oesdk-linux/usr/lib/arm-openbmc-linux-gnueabi/gcc/arm-openbmc-linux-gnueabi/11.2.0/include]
    add: [/usr/local/oecore-x86_64/sysroots/x86_64-oesdk-linux/usr/lib/arm-openbmc-linux-gnueabi/gcc/arm-openbmc-linux-gnueabi/11.2.0/include-fixed]
    add: [/usr/local/oecore-x86_64/sysroots/armv7ahf-vfpv4d16-openbmc-linux-gnueabi/usr/include/]
  end of search list found
  collapse include dir [/usr/local/oecore-x86_64/sysroots/x86_64-oesdk-linux/usr/lib/arm-openbmc-linux-gnueabi/gcc/arm-openbmc-linux-gnueabi/11.2.0/include] ==> [/usr/local/oecore-x86_64/sysroots/x86_64-oesdk-linux/usr/lib/arm-openbmc-linux-gnueabi/gcc/arm-openbmc-linux-gnueabi/11.2.0/include]
  collapse include dir [/usr/local/oecore-x86_64/sysroots/x86_64-oesdk-linux/usr/lib/arm-openbmc-linux-gnueabi/gcc/arm-openbmc-linux-gnueabi/11.2.0/include-fixed] ==> [/usr/local/oecore-x86_64/sysroots/x86_64-oesdk-linux/usr/lib/arm-openbmc-linux-gnueabi/gcc/arm-openbmc-linux-gnueabi/11.2.0/include-fixed]
  collapse include dir [/usr/local/oecore-x86_64/sysroots/armv7ahf-vfpv4d16-openbmc-linux-gnueabi/usr/include/] ==> [/usr/local/oecore-x86_64/sysroots/armv7ahf-vfpv4d16-openbmc-linux-gnueabi/usr/include]
  implicit include dirs: [/usr/local/oecore-x86_64/sysroots/x86_64-oesdk-linux/usr/lib/arm-openbmc-linux-gnueabi/gcc/arm-openbmc-linux-gnueabi/11.2.0/include;/usr/local/oecore-x86_64/sysroots/x86_64-oesdk-linux/usr/lib/arm-openbmc-linux-gnueabi/gcc/arm-openbmc-linux-gnueabi/11.2.0/include-fixed;/usr/local/oecore-x86_64/sysroots/armv7ahf-vfpv4d16-openbmc-linux-gnueabi/usr/include]


Parsed C implicit link information from above output:
  link line regex: [^( *|.*[/\])(arm-openbmc-linux-gnueabi-ld|CMAKE_LINK_STARTFILE-NOTFOUND|([^/\]+-)?ld|collect2)[^/\]*( |$)]
  ignore line: [Change Dir: /home/yjlee/git_yj/BMC-CrossCompile/rwi2c/build/CMakeFiles/CMakeTmp]
  ignore line: []
  ignore line: [Run Build Command(s):/usr/bin/ninja cmTC_f5ad0 && [1/2] Building C object CMakeFiles/cmTC_f5ad0.dir/CMakeCCompilerABI.c.o]
  ignore line: [Using built-in specs.]
  ignore line: [COLLECT_GCC=/usr/local/oecore-x86_64/sysroots/x86_64-oesdk-linux/usr/bin/arm-openbmc-linux-gnueabi/arm-openbmc-linux-gnueabi-gcc]
  ignore line: [Target: arm-openbmc-linux-gnueabi]
  ignore line: [Configured with: ../../../../../../work-shared/gcc-11.2.0-r0/gcc-11.2.0/configure --build=x86_64-linux --host=x86_64-oesdk-linux --target=arm-openbmc-linux-gnueabi --prefix=/usr/local/oe-sdk-hardcoded-buildpath/sysroots/x86_64-oesdk-linux/usr --exec_prefix=/usr/local/oe-sdk-hardcoded-buildpath/sysroots/x86_64-oesdk-linux/usr --bindir=/usr/local/oe-sdk-hardcoded-buildpath/sysroots/x86_64-oesdk-linux/usr/bin/arm-openbmc-linux-gnueabi --sbindir=/usr/local/oe-sdk-hardcoded-buildpath/sysroots/x86_64-oesdk-linux/usr/bin/arm-openbmc-linux-gnueabi --libexecdir=/usr/local/oe-sdk-hardcoded-buildpath/sysroots/x86_64-oesdk-linux/usr/libexec/arm-openbmc-linux-gnueabi --datadir=/usr/local/oe-sdk-hardcoded-buildpath/sysroots/x86_64-oesdk-linux/usr/share --sysconfdir=/usr/local/oe-sdk-hardcoded-buildpath/sysroots/x86_64-oesdk-linux/etc --sharedstatedir=/usr/local/oe-sdk-hardcoded-buildpath/sysroots/x86_64-oesdk-linux/com --localstatedir=/usr/local/oe-sdk-hardcoded-buildpath/sysroots/x86_64-oesdk-linux/var --libdir=/usr/local/oe-sdk-hardcoded-buildpath/sysroots/x86_64-oesdk-linux/usr/lib/arm-openbmc-linux-gnueabi --includedir=/usr/local/oe-sdk-hardcoded-buildpath/sysroots/x86_64-oesdk-linux/usr/include --oldincludedir=/usr/local/oe-sdk-hardcoded-buildpath/sysroots/x86_64-oesdk-linux/usr/include --infodir=/usr/local/oe-sdk-hardcoded-buildpath/sysroots/x86_64-oesdk-linux/usr/share/info --mandir=/usr/local/oe-sdk-hardcoded-buildpath/sysroots/x86_64-oesdk-linux/usr/share/man --disable-silent-rules --disable-dependency-tracking --with-libtool-sysroot=/home/sikim/project/bmc/obmc_phoenix_V3.01/build/archercity/tmp/work/x86_64-nativesdk-oesdk-linux/gcc-cross-canadian-arm/11.2.0-r0/recipe-sysroot --with-gnu-ld --enable-shared --enable-languages=c,c++ --enable-threads=posix --enable-multilib --enable-default-pie --enable-c99 --enable-long-long --enable-symvers=gnu --enable-libstdcxx-pch --program-prefix=arm-openbmc-linux-gnueabi- --without-local-prefix --disable-install-libiberty --disable-libssp --enable-libitm --enable-lto --disable-bootstrap --with-system-zlib --with-linker-hash-style=gnu --enable-linker-build-id --with-ppl=no --with-cloog=no --enable-checking=release --enable-cheaders=c_global --without-isl --with-gxx-include-dir=/not/exist/usr/include/c++/11.2.0 --with-build-time-tools=/home/sikim/project/bmc/obmc_phoenix_V3.01/build/archercity/tmp/work/x86_64-nativesdk-oesdk-linux/gcc-cross-canadian-arm/11.2.0-r0/recipe-sysroot-native/usr/arm-openbmc-linux-gnueabi/bin --with-sysroot=/not/exist --with-build-sysroot=/home/sikim/project/bmc/obmc_phoenix_V3.01/build/archercity/tmp/work/x86_64-nativesdk-oesdk-linux/gcc-cross-canadian-arm/11.2.0-r0/recipe-sysroot --enable-standard-branch-protection --enable-poison-system-directories --disable-static --enable-nls --with-glibc-version=2.28 --enable-initfini-array]
  ignore line: [Thread model: posix]
  ignore line: [Supported LTO compression algorithms: zlib]
  ignore line: [gcc version 11.2.0 (GCC) ]
  ignore line: [COLLECT_GCC_OPTIONS='--sysroot=/usr/local/oecore-x86_64/sysroots/armv7ahf-vfpv4d16-openbmc-linux-gnueabi' '-mfloat-abi=hard' '-mfpu=neon' '-v' '-o' 'CMakeFiles/cmTC_f5ad0.dir/CMakeCCompilerABI.c.o' '-c' '-mcpu=arm10tdmi' '-mtls-dialect=gnu' '-marm' '-mlibarch=armv5t' '-march=armv5t' '-dumpdir' 'CMakeFiles/cmTC_f5ad0.dir/']
  ignore line: [ /usr/local/oecore-x86_64/sysroots/x86_64-oesdk-linux/usr/libexec/arm-openbmc-linux-gnueabi/gcc/arm-openbmc-linux-gnueabi/11.2.0/cc1 -quiet -v -isysroot /usr/local/oecore-x86_64/sysroots/armv7ahf-vfpv4d16-openbmc-linux-gnueabi /usr/share/cmake-3.22/Modules/CMakeCCompilerABI.c -quiet -dumpdir CMakeFiles/cmTC_f5ad0.dir/ -dumpbase CMakeCCompilerABI.c.c -dumpbase-ext .c -mfloat-abi=hard -mfpu=neon -mcpu=arm10tdmi -mtls-dialect=gnu -marm -mlibarch=armv5t -march=armv5t -version -o /tmp/ccSbWYG3.s]
  ignore line: [GNU C17 (GCC) version 11.2.0 (arm-openbmc-linux-gnueabi)]
  ignore line: [	compiled by GNU C version 11.2.0  GMP version 6.2.1  MPFR version 4.1.0  MPC version 1.2.1  isl version none]
  ignore line: [GGC heuristics: --param ggc-min-expand=100 --param ggc-min-heapsize=131072]
  ignore line: [ignoring nonexistent directory "/usr/local/oecore-x86_64/sysroots/armv7ahf-vfpv4d16-openbmc-linux-gnueabi/usr/lib/arm-openbmc-linux-gnueabi/11.2.0/include"]
  ignore line: [ignoring nonexistent directory "/usr/local/oecore-x86_64/sysroots/armv7ahf-vfpv4d16-openbmc-linux-gnueabi/usr/local/include"]
  ignore line: [ignoring nonexistent directory "/usr/local/oecore-x86_64/sysroots/x86_64-oesdk-linux/usr/lib/arm-openbmc-linux-gnueabi/gcc/arm-openbmc-linux-gnueabi/11.2.0/../../../../../arm-openbmc-linux-gnueabi/include"]
  ignore line: [#include "..." search starts here:]
  ignore line: [#include <...> search starts here:]
  ignore line: [ /usr/local/oecore-x86_64/sysroots/x86_64-oesdk-linux/usr/lib/arm-openbmc-linux-gnueabi/gcc/arm-openbmc-linux-gnueabi/11.2.0/include]
  ignore line: [ /usr/local/oecore-x86_64/sysroots/x86_64-oesdk-linux/usr/lib/arm-openbmc-linux-gnueabi/gcc/arm-openbmc-linux-gnueabi/11.2.0/include-fixed]
  ignore line: [ /usr/local/oecore-x86_64/sysroots/armv7ahf-vfpv4d16-openbmc-linux-gnueabi/usr/include/]
  ignore line: [End of search list.]
  ignore line: [GNU C17 (GCC) version 11.2.0 (arm-openbmc-linux-gnueabi)]
  ignore line: [	compiled by GNU C version 11.2.0  GMP version 6.2.1  MPFR version 4.1.0  MPC version 1.2.1  isl version none]
  ignore line: [GGC heuristics: --param ggc-min-expand=100 --param ggc-min-heapsize=131072]
  ignore line: [Compiler executable checksum: 8aef6514ae7a26aa93cc9250ab2c792e]
  ignore line: [COLLECT_GCC_OPTIONS='--sysroot=/usr/local/oecore-x86_64/sysroots/armv7ahf-vfpv4d16-openbmc-linux-gnueabi' '-mfloat-abi=hard' '-mfpu=neon' '-v' '-o' 'CMakeFiles/cmTC_f5ad0.dir/CMakeCCompilerABI.c.o' '-c' '-mcpu=arm10tdmi' '-mtls-dialect=gnu' '-marm' '-mlibarch=armv5t' '-march=armv5t' '-dumpdir' 'CMakeFiles/cmTC_f5ad0.dir/']
  ignore line: [ /usr/local/oecore-x86_64/sysroots/x86_64-oesdk-linux/usr/libexec/arm-openbmc-linux-gnueabi/gcc/arm-openbmc-linux-gnueabi/11.2.0/as -v -march=armv5t -mfloat-abi=hard -mfpu=neon -meabi=5 -o CMakeFiles/cmTC_f5ad0.dir/CMakeCCompilerABI.c.o /tmp/ccSbWYG3.s]
  ignore line: [GNU assembler version 2.37 (arm-openbmc-linux-gnueabi) using BFD version (GNU Binutils) 2.37.20210721]
  ignore line: [COMPILER_PATH=/usr/local/oecore-x86_64/sysroots/x86_64-oesdk-linux/usr/libexec/arm-openbmc-linux-gnueabi/gcc/arm-openbmc-linux-gnueabi/11.2.0/:/usr/local/oecore-x86_64/sysroots/x86_64-oesdk-linux/usr/libexec/arm-openbmc-linux-gnueabi/gcc/arm-openbmc-linux-gnueabi/11.2.0/:/usr/local/oecore-x86_64/sysroots/x86_64-oesdk-linux/usr/libexec/arm-openbmc-linux-gnueabi/gcc/arm-openbmc-linux-gnueabi/:/usr/local/oecore-x86_64/sysroots/x86_64-oesdk-linux/usr/lib/arm-openbmc-linux-gnueabi/gcc/arm-openbmc-linux-gnueabi/11.2.0/:/usr/local/oecore-x86_64/sysroots/x86_64-oesdk-linux/usr/lib/arm-openbmc-linux-gnueabi/gcc/arm-openbmc-linux-gnueabi/]
  ignore line: [LIBRARY_PATH=/usr/local/oecore-x86_64/sysroots/x86_64-oesdk-linux/usr/lib/arm-openbmc-linux-gnueabi/gcc/arm-openbmc-linux-gnueabi/11.2.0/:/usr/local/oecore-x86_64/sysroots/armv7ahf-vfpv4d16-openbmc-linux-gnueabi/lib/:/usr/local/oecore-x86_64/sysroots/armv7ahf-vfpv4d16-openbmc-linux-gnueabi/usr/lib/arm-openbmc-linux-gnueabi/11.2.0/:/usr/local/oecore-x86_64/sysroots/armv7ahf-vfpv4d16-openbmc-linux-gnueabi/usr/lib/]
  ignore line: [COLLECT_GCC_OPTIONS='--sysroot=/usr/local/oecore-x86_64/sysroots/armv7ahf-vfpv4d16-openbmc-linux-gnueabi' '-mfloat-abi=hard' '-mfpu=neon' '-v' '-o' 'CMakeFiles/cmTC_f5ad0.dir/CMakeCCompilerABI.c.o' '-c' '-mcpu=arm10tdmi' '-mtls-dialect=gnu' '-marm' '-mlibarch=armv5t' '-march=armv5t' '-dumpdir' 'CMakeFiles/cmTC_f5ad0.dir/CMakeCCompilerABI.c.']
  ignore line: [[2/2] Linking C executable cmTC_f5ad0]
  ignore line: [Using built-in specs.]
  ignore line: [COLLECT_GCC=/usr/local/oecore-x86_64/sysroots/x86_64-oesdk-linux/usr/bin/arm-openbmc-linux-gnueabi/arm-openbmc-linux-gnueabi-gcc]
  ignore line: [COLLECT_LTO_WRAPPER=/usr/local/oecore-x86_64/sysroots/x86_64-oesdk-linux/usr/libexec/arm-openbmc-linux-gnueabi/gcc/arm-openbmc-linux-gnueabi/11.2.0/lto-wrapper]
  ignore line: [Target: arm-openbmc-linux-gnueabi]
  ignore line: [Configured with: ../../../../../../work-shared/gcc-11.2.0-r0/gcc-11.2.0/configure --build=x86_64-linux --host=x86_64-oesdk-linux --target=arm-openbmc-linux-gnueabi --prefix=/usr/local/oe-sdk-hardcoded-buildpath/sysroots/x86_64-oesdk-linux/usr --exec_prefix=/usr/local/oe-sdk-hardcoded-buildpath/sysroots/x86_64-oesdk-linux/usr --bindir=/usr/local/oe-sdk-hardcoded-buildpath/sysroots/x86_64-oesdk-linux/usr/bin/arm-openbmc-linux-gnueabi --sbindir=/usr/local/oe-sdk-hardcoded-buildpath/sysroots/x86_64-oesdk-linux/usr/bin/arm-openbmc-linux-gnueabi --libexecdir=/usr/local/oe-sdk-hardcoded-buildpath/sysroots/x86_64-oesdk-linux/usr/libexec/arm-openbmc-linux-gnueabi --datadir=/usr/local/oe-sdk-hardcoded-buildpath/sysroots/x86_64-oesdk-linux/usr/share --sysconfdir=/usr/local/oe-sdk-hardcoded-buildpath/sysroots/x86_64-oesdk-linux/etc --sharedstatedir=/usr/local/oe-sdk-hardcoded-buildpath/sysroots/x86_64-oesdk-linux/com --localstatedir=/usr/local/oe-sdk-hardcoded-buildpath/sysroots/x86_64-oesdk-linux/var --libdir=/usr/local/oe-sdk-hardcoded-buildpath/sysroots/x86_64-oesdk-linux/usr/lib/arm-openbmc-linux-gnueabi --includedir=/usr/local/oe-sdk-hardcoded-buildpath/sysroots/x86_64-oesdk-linux/usr/include --oldincludedir=/usr/local/oe-sdk-hardcoded-buildpath/sysroots/x86_64-oesdk-linux/usr/include --infodir=/usr/local/oe-sdk-hardcoded-buildpath/sysroots/x86_64-oesdk-linux/usr/share/info --mandir=/usr/local/oe-sdk-hardcoded-buildpath/sysroots/x86_64-oesdk-linux/usr/share/man --disable-silent-rules --disable-dependency-tracking --with-libtool-sysroot=/home/sikim/project/bmc/obmc_phoenix_V3.01/build/archercity/tmp/work/x86_64-nativesdk-oesdk-linux/gcc-cross-canadian-arm/11.2.0-r0/recipe-sysroot --with-gnu-ld --enable-shared --enable-languages=c,c++ --enable-threads=posix --enable-multilib --enable-default-pie --enable-c99 --enable-long-long --enable-symvers=gnu --enable-libstdcxx-pch --program-prefix=arm-openbmc-linux-gnueabi- --without-local-prefix --disable-install-libiberty --disable-libssp --enable-libitm --enable-lto --disable-bootstrap --with-system-zlib --with-linker-hash-style=gnu --enable-linker-build-id --with-ppl=no --with-cloog=no --enable-checking=release --enable-cheaders=c_global --without-isl --with-gxx-include-dir=/not/exist/usr/include/c++/11.2.0 --with-build-time-tools=/home/sikim/project/bmc/obmc_phoenix_V3.01/build/archercity/tmp/work/x86_64-nativesdk-oesdk-linux/gcc-cross-canadian-arm/11.2.0-r0/recipe-sysroot-native/usr/arm-openbmc-linux-gnueabi/bin --with-sysroot=/not/exist --with-build-sysroot=/home/sikim/project/bmc/obmc_phoenix_V3.01/build/archercity/tmp/work/x86_64-nativesdk-oesdk-linux/gcc-cross-canadian-arm/11.2.0-r0/recipe-sysroot --enable-standard-branch-protection --enable-poison-system-directories --disable-static --enable-nls --with-glibc-version=2.28 --enable-initfini-array]
  ignore line: [Thread model: posix]
  ignore line: [Supported LTO compression algorithms: zlib]
  ignore line: [gcc version 11.2.0 (GCC) ]
  ignore line: [COMPILER_PATH=/usr/local/oecore-x86_64/sysroots/x86_64-oesdk-linux/usr/libexec/arm-openbmc-linux-gnueabi/gcc/arm-openbmc-linux-gnueabi/11.2.0/:/usr/local/oecore-x86_64/sysroots/x86_64-oesdk-linux/usr/libexec/arm-openbmc-linux-gnueabi/gcc/arm-openbmc-linux-gnueabi/11.2.0/:/usr/local/oecore-x86_64/sysroots/x86_64-oesdk-linux/usr/libexec/arm-openbmc-linux-gnueabi/gcc/arm-openbmc-linux-gnueabi/:/usr/local/oecore-x86_64/sysroots/x86_64-oesdk-linux/usr/lib/arm-openbmc-linux-gnueabi/gcc/arm-openbmc-linux-gnueabi/11.2.0/:/usr/local/oecore-x86_64/sysroots/x86_64-oesdk-linux/usr/lib/arm-openbmc-linux-gnueabi/gcc/arm-openbmc-linux-gnueabi/]
  ignore line: [LIBRARY_PATH=/usr/local/oecore-x86_64/sysroots/x86_64-oesdk-linux/usr/lib/arm-openbmc-linux-gnueabi/gcc/arm-openbmc-linux-gnueabi/11.2.0/:/usr/local/oecore-x86_64/sysroots/armv7ahf-vfpv4d16-openbmc-linux-gnueabi/lib/:/usr/local/oecore-x86_64/sysroots/armv7ahf-vfpv4d16-openbmc-linux-gnueabi/usr/lib/arm-openbmc-linux-gnueabi/11.2.0/:/usr/local/oecore-x86_64/sysroots/armv7ahf-vfpv4d16-openbmc-linux-gnueabi/usr/lib/]
  ignore line: [COLLECT_GCC_OPTIONS='--sysroot=/usr/local/oecore-x86_64/sysroots/armv7ahf-vfpv4d16-openbmc-linux-gnueabi' '-mfloat-abi=hard' '-mfpu=neon' '-v' '-rdynamic' '-o' 'cmTC_f5ad0' '-mcpu=arm10tdmi' '-mtls-dialect=gnu' '-marm' '-mlibarch=armv5t' '-march=armv5t' '-dumpdir' 'cmTC_f5ad0.']
  link line: [ /usr/local/oecore-x86_64/sysroots/x86_64-oesdk-linux/usr/libexec/arm-openbmc-linux-gnueabi/gcc/arm-openbmc-linux-gnueabi/11.2.0/collect2 -plugin /usr/local/oecore-x86_64/sysroots/x86_64-oesdk-linux/usr/libexec/arm-openbmc-linux-gnueabi/gcc/arm-openbmc-linux-gnueabi/11.2.0/liblto_plugin.so -plugin-opt=/usr/local/oecore-x86_64/sysroots/x86_64-oesdk-linux/usr/libexec/arm-openbmc-linux-gnueabi/gcc/arm-openbmc-linux-gnueabi/11.2.0/lto-wrapper -plugin-opt=-fresolution=/tmp/ccHdqAfI.res -plugin-opt=-pass-through=-lgcc -plugin-opt=-pass-through=-lgcc_s -plugin-opt=-pass-through=-lc -plugin-opt=-pass-through=-lgcc -plugin-opt=-pass-through=-lgcc_s --sysroot=/usr/local/oecore-x86_64/sysroots/armv7ahf-vfpv4d16-openbmc-linux-gnueabi --build-id --eh-frame-hdr --hash-style=gnu -export-dynamic -dynamic-linker /lib/ld-linux-armhf.so.3 -X -m armelf_linux_eabi -pie -o cmTC_f5ad0 /usr/local/oecore-x86_64/sysroots/armv7ahf-vfpv4d16-openbmc-linux-gnueabi/usr/lib/Scrt1.o /usr/local/oecore-x86_64/sysroots/armv7ahf-vfpv4d16-openbmc-linux-gnueabi/usr/lib/crti.o /usr/local/oecore-x86_64/sysroots/armv7ahf-vfpv4d16-openbmc-linux-gnueabi/usr/lib/arm-openbmc-linux-gnueabi/11.2.0/crtbeginS.o -L/usr/local/oecore-x86_64/sysroots/x86_64-oesdk-linux/usr/lib/arm-openbmc-linux-gnueabi/gcc/arm-openbmc-linux-gnueabi/11.2.0 -L/usr/local/oecore-x86_64/sysroots/armv7ahf-vfpv4d16-openbmc-linux-gnueabi/lib -L/usr/local/oecore-x86_64/sysroots/armv7ahf-vfpv4d16-openbmc-linux-gnueabi/usr/lib/arm-openbmc-linux-gnueabi/11.2.0 -L/usr/local/oecore-x86_64/sysroots/armv7ahf-vfpv4d16-openbmc-linux-gnueabi/usr/lib CMakeFiles/cmTC_f5ad0.dir/CMakeCCompilerABI.c.o -lgcc --push-state --as-needed -lgcc_s --pop-state -lc -lgcc --push-state --as-needed -lgcc_s --pop-state /usr/local/oecore-x86_64/sysroots/armv7ahf-vfpv4d16-openbmc-linux-gnueabi/usr/lib/arm-openbmc-linux-gnueabi/11.2.0/crtendS.o /usr/local/oecore-x86_64/sysroots/armv7ahf-vfpv4d16-openbmc-linux-gnueabi/usr/lib/crtn.o]
    arg [/usr/local/oecore-x86_64/sysroots/x86_64-oesdk-linux/usr/libexec/arm-openbmc-linux-gnueabi/gcc/arm-openbmc-linux-gnueabi/11.2.0/collect2] ==> ignore
    arg [-plugin] ==> ignore
    arg [/usr/local/oecore-x86_64/sysroots/x86_64-oesdk-linux/usr/libexec/arm-openbmc-linux-gnueabi/gcc/arm-openbmc-linux-gnueabi/11.2.0/liblto_plugin.so] ==> ignore
    arg [-plugin-opt=/usr/local/oecore-x86_64/sysroots/x86_64-oesdk-linux/usr/libexec/arm-openbmc-linux-gnueabi/gcc/arm-openbmc-linux-gnueabi/11.2.0/lto-wrapper] ==> ignore
    arg [-plugin-opt=-fresolution=/tmp/ccHdqAfI.res] ==> ignore
    arg [-plugin-opt=-pass-through=-lgcc] ==> ignore
    arg [-plugin-opt=-pass-through=-lgcc_s] ==> ignore
    arg [-plugin-opt=-pass-through=-lc] ==> ignore
    arg [-plugin-opt=-pass-through=-lgcc] ==> ignore
    arg [-plugin-opt=-pass-through=-lgcc_s] ==> ignore
    arg [--sysroot=/usr/local/oecore-x86_64/sysroots/armv7ahf-vfpv4d16-openbmc-linux-gnueabi] ==> ignore
    arg [--build-id] ==> ignore
    arg [--eh-frame-hdr] ==> ignore
    arg [--hash-style=gnu] ==> ignore
    arg [-export-dynamic] ==> ignore
    arg [-dynamic-linker] ==> ignore
    arg [/lib/ld-linux-armhf.so.3] ==> ignore
    arg [-X] ==> ignore
    arg [-m] ==> ignore
    arg [armelf_linux_eabi] ==> ignore
    arg [-pie] ==> ignore
    arg [-o] ==> ignore
    arg [cmTC_f5ad0] ==> ignore
    arg [/usr/local/oecore-x86_64/sysroots/armv7ahf-vfpv4d16-openbmc-linux-gnueabi/usr/lib/Scrt1.o] ==> obj [/usr/local/oecore-x86_64/sysroots/armv7ahf-vfpv4d16-openbmc-linux-gnueabi/usr/lib/Scrt1.o]
    arg [/usr/local/oecore-x86_64/sysroots/armv7ahf-vfpv4d16-openbmc-linux-gnueabi/usr/lib/crti.o] ==> obj [/usr/local/oecore-x86_64/sysroots/armv7ahf-vfpv4d16-openbmc-linux-gnueabi/usr/lib/crti.o]
    arg [/usr/local/oecore-x86_64/sysroots/armv7ahf-vfpv4d16-openbmc-linux-gnueabi/usr/lib/arm-openbmc-linux-gnueabi/11.2.0/crtbeginS.o] ==> obj [/usr/local/oecore-x86_64/sysroots/armv7ahf-vfpv4d16-openbmc-linux-gnueabi/usr/lib/arm-openbmc-linux-gnueabi/11.2.0/crtbeginS.o]
    arg [-L/usr/local/oecore-x86_64/sysroots/x86_64-oesdk-linux/usr/lib/arm-openbmc-linux-gnueabi/gcc/arm-openbmc-linux-gnueabi/11.2.0] ==> dir [/usr/local/oecore-x86_64/sysroots/x86_64-oesdk-linux/usr/lib/arm-openbmc-linux-gnueabi/gcc/arm-openbmc-linux-gnueabi/11.2.0]
    arg [-L/usr/local/oecore-x86_64/sysroots/armv7ahf-vfpv4d16-openbmc-linux-gnueabi/lib] ==> dir [/usr/local/oecore-x86_64/sysroots/armv7ahf-vfpv4d16-openbmc-linux-gnueabi/lib]
    arg [-L/usr/local/oecore-x86_64/sysroots/armv7ahf-vfpv4d16-openbmc-linux-gnueabi/usr/lib/arm-openbmc-linux-gnueabi/11.2.0] ==> dir [/usr/local/oecore-x86_64/sysroots/armv7ahf-vfpv4d16-openbmc-linux-gnueabi/usr/lib/arm-openbmc-linux-gnueabi/11.2.0]
    arg [-L/usr/local/oecore-x86_64/sysroots/armv7ahf-vfpv4d16-openbmc-linux-gnueabi/usr/lib] ==> dir [/usr/local/oecore-x86_64/sysroots/armv7ahf-vfpv4d16-openbmc-linux-gnueabi/usr/lib]
    arg [CMakeFiles/cmTC_f5ad0.dir/CMakeCCompilerABI.c.o] ==> ignore
    arg [-lgcc] ==> lib [gcc]
    arg [--push-state] ==> ignore
    arg [--as-needed] ==> ignore
    arg [-lgcc_s] ==> lib [gcc_s]
    arg [--pop-state] ==> ignore
    arg [-lc] ==> lib [c]
    arg [-lgcc] ==> lib [gcc]
    arg [--push-state] ==> ignore
    arg [--as-needed] ==> ignore
    arg [-lgcc_s] ==> lib [gcc_s]
    arg [--pop-state] ==> ignore
    arg [/usr/local/oecore-x86_64/sysroots/armv7ahf-vfpv4d16-openbmc-linux-gnueabi/usr/lib/arm-openbmc-linux-gnueabi/11.2.0/crtendS.o] ==> obj [/usr/local/oecore-x86_64/sysroots/armv7ahf-vfpv4d16-openbmc-linux-gnueabi/usr/lib/arm-openbmc-linux-gnueabi/11.2.0/crtendS.o]
    arg [/usr/local/oecore-x86_64/sysroots/armv7ahf-vfpv4d16-openbmc-linux-gnueabi/usr/lib/crtn.o] ==> obj [/usr/local/oecore-x86_64/sysroots/armv7ahf-vfpv4d16-openbmc-linux-gnueabi/usr/lib/crtn.o]
  collapse library dir [/usr/local/oecore-x86_64/sysroots/x86_64-oesdk-linux/usr/lib/arm-openbmc-linux-gnueabi/gcc/arm-openbmc-linux-gnueabi/11.2.0] ==> [/usr/local/oecore-x86_64/sysroots/x86_64-oesdk-linux/usr/lib/arm-openbmc-linux-gnueabi/gcc/arm-openbmc-linux-gnueabi/11.2.0]
  collapse library dir [/usr/local/oecore-x86_64/sysroots/armv7ahf-vfpv4d16-openbmc-linux-gnueabi/lib] ==> [/usr/local/oecore-x86_64/sysroots/armv7ahf-vfpv4d16-openbmc-linux-gnueabi/lib]
  collapse library dir [/usr/local/oecore-x86_64/sysroots/armv7ahf-vfpv4d16-openbmc-linux-gnueabi/usr/lib/arm-openbmc-linux-gnueabi/11.2.0] ==> [/usr/local/oecore-x86_64/sysroots/armv7ahf-vfpv4d16-openbmc-linux-gnueabi/usr/lib/arm-openbmc-linux-gnueabi/11.2.0]
  collapse library dir [/usr/local/oecore-x86_64/sysroots/armv7ahf-vfpv4d16-openbmc-linux-gnueabi/usr/lib] ==> [/usr/local/oecore-x86_64/sysroots/armv7ahf-vfpv4d16-openbmc-linux-gnueabi/usr/lib]
  implicit libs: [gcc;gcc_s;c;gcc;gcc_s]
  implicit objs: [/usr/local/oecore-x86_64/sysroots/armv7ahf-vfpv4d16-openbmc-linux-gnueabi/usr/lib/Scrt1.o;/usr/local/oecore-x86_64/sysroots/armv7ahf-vfpv4d16-openbmc-linux-gnueabi/usr/lib/crti.o;/usr/local/oecore-x86_64/sysroots/armv7ahf-vfpv4d16-openbmc-linux-gnueabi/usr/lib/arm-openbmc-linux-gnueabi/11.2.0/crtbeginS.o;/usr/local/oecore-x86_64/sysroots/armv7ahf-vfpv4d16-openbmc-linux-gnueabi/usr/lib/arm-openbmc-linux-gnueabi/11.2.0/crtendS.o;/usr/local/oecore-x86_64/sysroots/armv7ahf-vfpv4d16-openbmc-linux-gnueabi/usr/lib/crtn.o]
  implicit dirs: [/usr/local/oecore-x86_64/sysroots/x86_64-oesdk-linux/usr/lib/arm-openbmc-linux-gnueabi/gcc/arm-openbmc-linux-gnueabi/11.2.0;/usr/local/oecore-x86_64/sysroots/armv7ahf-vfpv4d16-openbmc-linux-gnueabi/lib;/usr/local/oecore-x86_64/sysroots/armv7ahf-vfpv4d16-openbmc-linux-gnueabi/usr/lib/arm-openbmc-linux-gnueabi/11.2.0;/usr/local/oecore-x86_64/sysroots/armv7ahf-vfpv4d16-openbmc-linux-gnueabi/usr/lib]
  implicit fwks: []


Detecting CXX compiler ABI info compiled with the following output:
Change Dir: /home/yjlee/git_yj/BMC-CrossCompile/rwi2c/build/CMakeFiles/CMakeTmp

Run Build Command(s):/usr/bin/ninja cmTC_ed664 && [1/2] Building CXX object CMakeFiles/cmTC_ed664.dir/CMakeCXXCompilerABI.cpp.o
Using built-in specs.
COLLECT_GCC=/usr/local/oecore-x86_64/sysroots/x86_64-oesdk-linux/usr/bin/arm-openbmc-linux-gnueabi/arm-openbmc-linux-gnueabi-g++
Target: arm-openbmc-linux-gnueabi
Configured with: ../../../../../../work-shared/gcc-11.2.0-r0/gcc-11.2.0/configure --build=x86_64-linux --host=x86_64-oesdk-linux --target=arm-openbmc-linux-gnueabi --prefix=/usr/local/oe-sdk-hardcoded-buildpath/sysroots/x86_64-oesdk-linux/usr --exec_prefix=/usr/local/oe-sdk-hardcoded-buildpath/sysroots/x86_64-oesdk-linux/usr --bindir=/usr/local/oe-sdk-hardcoded-buildpath/sysroots/x86_64-oesdk-linux/usr/bin/arm-openbmc-linux-gnueabi --sbindir=/usr/local/oe-sdk-hardcoded-buildpath/sysroots/x86_64-oesdk-linux/usr/bin/arm-openbmc-linux-gnueabi --libexecdir=/usr/local/oe-sdk-hardcoded-buildpath/sysroots/x86_64-oesdk-linux/usr/libexec/arm-openbmc-linux-gnueabi --datadir=/usr/local/oe-sdk-hardcoded-buildpath/sysroots/x86_64-oesdk-linux/usr/share --sysconfdir=/usr/local/oe-sdk-hardcoded-buildpath/sysroots/x86_64-oesdk-linux/etc --sharedstatedir=/usr/local/oe-sdk-hardcoded-buildpath/sysroots/x86_64-oesdk-linux/com --localstatedir=/usr/local/oe-sdk-hardcoded-buildpath/sysroots/x86_64-oesdk-linux/var --libdir=/usr/local/oe-sdk-hardcoded-buildpath/sysroots/x86_64-oesdk-linux/usr/lib/arm-openbmc-linux-gnueabi --includedir=/usr/local/oe-sdk-hardcoded-buildpath/sysroots/x86_64-oesdk-linux/usr/include --oldincludedir=/usr/local/oe-sdk-hardcoded-buildpath/sysroots/x86_64-oesdk-linux/usr/include --infodir=/usr/local/oe-sdk-hardcoded-buildpath/sysroots/x86_64-oesdk-linux/usr/share/info --mandir=/usr/local/oe-sdk-hardcoded-buildpath/sysroots/x86_64-oesdk-linux/usr/share/man --disable-silent-rules --disable-dependency-tracking --with-libtool-sysroot=/home/sikim/project/bmc/obmc_phoenix_V3.01/build/archercity/tmp/work/x86_64-nativesdk-oesdk-linux/gcc-cross-canadian-arm/11.2.0-r0/recipe-sysroot --with-gnu-ld --enable-shared --enable-languages=c,c++ --enable-threads=posix --enable-multilib --enable-default-pie --enable-c99 --enable-long-long --enable-symvers=gnu --enable-libstdcxx-pch --program-prefix=arm-openbmc-linux-gnueabi- --without-local-prefix --disable-install-libiberty --disable-libssp --enable-libitm --enable-lto --disable-bootstrap --with-system-zlib --with-linker-hash-style=gnu --enable-linker-build-id --with-ppl=no --with-cloog=no --enable-checking=release --enable-cheaders=c_global --without-isl --with-gxx-include-dir=/not/exist/usr/include/c++/11.2.0 --with-build-time-tools=/home/sikim/project/bmc/obmc_phoenix_V3.01/build/archercity/tmp/work/x86_64-nativesdk-oesdk-linux/gcc-cross-canadian-arm/11.2.0-r0/recipe-sysroot-native/usr/arm-openbmc-linux-gnueabi/bin --with-sysroot=/not/exist --with-build-sysroot=/home/sikim/project/bmc/obmc_phoenix_V3.01/build/archercity/tmp/work/x86_64-nativesdk-oesdk-linux/gcc-cross-canadian-arm/11.2.0-r0/recipe-sysroot --enable-standard-branch-protection --enable-poison-system-directories --disable-static --enable-nls --with-glibc-version=2.28 --enable-initfini-array
Thread model: posix
Supported LTO compression algorithms: zlib
gcc version 11.2.0 (GCC) 
COLLECT_GCC_OPTIONS='--sysroot=/usr/local/oecore-x86_64/sysroots/armv7ahf-vfpv4d16-openbmc-linux-gnueabi' '-mfloat-abi=hard' '-mfpu=neon' '-v' '-o' 'CMakeFiles/cmTC_ed664.dir/CMakeCXXCompilerABI.cpp.o' '-c' '-shared-libgcc' '-mcpu=arm10tdmi' '-mtls-dialect=gnu' '-marm' '-mlibarch=armv5t' '-march=armv5t' '-dumpdir' 'CMakeFiles/cmTC_ed664.dir/'
 /usr/local/oecore-x86_64/sysroots/x86_64-oesdk-linux/usr/libexec/arm-openbmc-linux-gnueabi/gcc/arm-openbmc-linux-gnueabi/11.2.0/cc1plus -quiet -v -isysroot /usr/local/oecore-x86_64/sysroots/armv7ahf-vfpv4d16-openbmc-linux-gnueabi -D_GNU_SOURCE /usr/share/cmake-3.22/Modules/CMakeCXXCompilerABI.cpp -quiet -dumpdir CMakeFiles/cmTC_ed664.dir/ -dumpbase CMakeCXXCompilerABI.cpp.cpp -dumpbase-ext .cpp -mfloat-abi=hard -mfpu=neon -mcpu=arm10tdmi -mtls-dialect=gnu -marm -mlibarch=armv5t -march=armv5t -version -o /tmp/cc7nc6lB.s
GNU C++17 (GCC) version 11.2.0 (arm-openbmc-linux-gnueabi)
	compiled by GNU C version 11.2.0, GMP version 6.2.1, MPFR version 4.1.0, MPC version 1.2.1, isl version none
GGC heuristics: --param ggc-min-expand=100 --param ggc-min-heapsize=131072
ignoring nonexistent directory "/usr/local/oecore-x86_64/sysroots/armv7ahf-vfpv4d16-openbmc-linux-gnueabi/usr/lib/arm-openbmc-linux-gnueabi/11.2.0/include"
ignoring nonexistent directory "/usr/local/oecore-x86_64/sysroots/armv7ahf-vfpv4d16-openbmc-linux-gnueabi/usr/local/include"
ignoring nonexistent directory "/usr/local/oecore-x86_64/sysroots/x86_64-oesdk-linux/usr/lib/arm-openbmc-linux-gnueabi/gcc/arm-openbmc-linux-gnueabi/11.2.0/../../../../../arm-openbmc-linux-gnueabi/include"
#include "..." search starts here:
#include <...> search starts here:
 /usr/local/oecore-x86_64/sysroots/armv7ahf-vfpv4d16-openbmc-linux-gnueabi/usr/include/c++/11.2.0
 /usr/local/oecore-x86_64/sysroots/armv7ahf-vfpv4d16-openbmc-linux-gnueabi/usr/include/c++/11.2.0/arm-openbmc-linux-gnueabi
 /usr/local/oecore-x86_64/sysroots/armv7ahf-vfpv4d16-openbmc-linux-gnueabi/usr/include/c++/11.2.0/backward
 /usr/local/oecore-x86_64/sysroots/x86_64-oesdk-linux/usr/lib/arm-openbmc-linux-gnueabi/gcc/arm-openbmc-linux-gnueabi/11.2.0/include
 /usr/local/oecore-x86_64/sysroots/x86_64-oesdk-linux/usr/lib/arm-openbmc-linux-gnueabi/gcc/arm-openbmc-linux-gnueabi/11.2.0/include-fixed
 /usr/local/oecore-x86_64/sysroots/armv7ahf-vfpv4d16-openbmc-linux-gnueabi/usr/include/
End of search list.
GNU C++17 (GCC) version 11.2.0 (arm-openbmc-linux-gnueabi)
	compiled by GNU C version 11.2.0, GMP version 6.2.1, MPFR version 4.1.0, MPC version 1.2.1, isl version none
GGC heuristics: --param ggc-min-expand=100 --param ggc-min-heapsize=131072
Compiler executable checksum: a713e01ade090c18905079a3e28f6266
COLLECT_GCC_OPTIONS='--sysroot=/usr/local/oecore-x86_64/sysroots/armv7ahf-vfpv4d16-openbmc-linux-gnueabi' '-mfloat-abi=hard' '-mfpu=neon' '-v' '-o' 'CMakeFiles/cmTC_ed664.dir/CMakeCXXCompilerABI.cpp.o' '-c' '-shared-libgcc' '-mcpu=arm10tdmi' '-mtls-dialect=gnu' '-marm' '-mlibarch=armv5t' '-march=armv5t' '-dumpdir' 'CMakeFiles/cmTC_ed664.dir/'
 /usr/local/oecore-x86_64/sysroots/x86_64-oesdk-linux/usr/libexec/arm-openbmc-linux-gnueabi/gcc/arm-openbmc-linux-gnueabi/11.2.0/as -v -march=armv5t -mfloat-abi=hard -mfpu=neon -meabi=5 -o CMakeFiles/cmTC_ed664.dir/CMakeCXXCompilerABI.cpp.o /tmp/cc7nc6lB.s
GNU assembler version 2.37 (arm-openbmc-linux-gnueabi) using BFD version (GNU Binutils) 2.37.20210721
COMPILER_PATH=/usr/local/oecore-x86_64/sysroots/x86_64-oesdk-linux/usr/libexec/arm-openbmc-linux-gnueabi/gcc/arm-openbmc-linux-gnueabi/11.2.0/:/usr/local/oecore-x86_64/sysroots/x86_64-oesdk-linux/usr/libexec/arm-openbmc-linux-gnueabi/gcc/arm-openbmc-linux-gnueabi/11.2.0/:/usr/local/oecore-x86_64/sysroots/x86_64-oesdk-linux/usr/libexec/arm-openbmc-linux-gnueabi/gcc/arm-openbmc-linux-gnueabi/:/usr/local/oecore-x86_64/sysroots/x86_64-oesdk-linux/usr/lib/arm-openbmc-linux-gnueabi/gcc/arm-openbmc-linux-gnueabi/11.2.0/:/usr/local/oecore-x86_64/sysroots/x86_64-oesdk-linux/usr/lib/arm-openbmc-linux-gnueabi/gcc/arm-openbmc-linux-gnueabi/
LIBRARY_PATH=/usr/local/oecore-x86_64/sysroots/x86_64-oesdk-linux/usr/lib/arm-openbmc-linux-gnueabi/gcc/arm-openbmc-linux-gnueabi/11.2.0/:/usr/local/oecore-x86_64/sysroots/armv7ahf-vfpv4d16-openbmc-linux-gnueabi/lib/:/usr/local/oecore-x86_64/sysroots/armv7ahf-vfpv4d16-openbmc-linux-gnueabi/usr/lib/arm-openbmc-linux-gnueabi/11.2.0/:/usr/local/oecore-x86_64/sysroots/armv7ahf-vfpv4d16-openbmc-linux-gnueabi/usr/lib/
COLLECT_GCC_OPTIONS='--sysroot=/usr/local/oecore-x86_64/sysroots/armv7ahf-vfpv4d16-openbmc-linux-gnueabi' '-mfloat-abi=hard' '-mfpu=neon' '-v' '-o' 'CMakeFiles/cmTC_ed664.dir/CMakeCXXCompilerABI.cpp.o' '-c' '-shared-libgcc' '-mcpu=arm10tdmi' '-mtls-dialect=gnu' '-marm' '-mlibarch=armv5t' '-march=armv5t' '-dumpdir' 'CMakeFiles/cmTC_ed664.dir/CMakeCXXCompilerABI.cpp.'
[2/2] Linking CXX executable cmTC_ed664
Using built-in specs.
COLLECT_GCC=/usr/local/oecore-x86_64/sysroots/x86_64-oesdk-linux/usr/bin/arm-openbmc-linux-gnueabi/arm-openbmc-linux-gnueabi-g++
COLLECT_LTO_WRAPPER=/usr/local/oecore-x86_64/sysroots/x86_64-oesdk-linux/usr/libexec/arm-openbmc-linux-gnueabi/gcc/arm-openbmc-linux-gnueabi/11.2.0/lto-wrapper
Target: arm-openbmc-linux-gnueabi
Configured with: ../../../../../../work-shared/gcc-11.2.0-r0/gcc-11.2.0/configure --build=x86_64-linux --host=x86_64-oesdk-linux --target=arm-openbmc-linux-gnueabi --prefix=/usr/local/oe-sdk-hardcoded-buildpath/sysroots/x86_64-oesdk-linux/usr --exec_prefix=/usr/local/oe-sdk-hardcoded-buildpath/sysroots/x86_64-oesdk-linux/usr --bindir=/usr/local/oe-sdk-hardcoded-buildpath/sysroots/x86_64-oesdk-linux/usr/bin/arm-openbmc-linux-gnueabi --sbindir=/usr/local/oe-sdk-hardcoded-buildpath/sysroots/x86_64-oesdk-linux/usr/bin/arm-openbmc-linux-gnueabi --libexecdir=/usr/local/oe-sdk-hardcoded-buildpath/sysroots/x86_64-oesdk-linux/usr/libexec/arm-openbmc-linux-gnueabi --datadir=/usr/local/oe-sdk-hardcoded-buildpath/sysroots/x86_64-oesdk-linux/usr/share --sysconfdir=/usr/local/oe-sdk-hardcoded-buildpath/sysroots/x86_64-oesdk-linux/etc --sharedstatedir=/usr/local/oe-sdk-hardcoded-buildpath/sysroots/x86_64-oesdk-linux/com --localstatedir=/usr/local/oe-sdk-hardcoded-buildpath/sysroots/x86_64-oesdk-linux/var --libdir=/usr/local/oe-sdk-hardcoded-buildpath/sysroots/x86_64-oesdk-linux/usr/lib/arm-openbmc-linux-gnueabi --includedir=/usr/local/oe-sdk-hardcoded-buildpath/sysroots/x86_64-oesdk-linux/usr/include --oldincludedir=/usr/local/oe-sdk-hardcoded-buildpath/sysroots/x86_64-oesdk-linux/usr/include --infodir=/usr/local/oe-sdk-hardcoded-buildpath/sysroots/x86_64-oesdk-linux/usr/share/info --mandir=/usr/local/oe-sdk-hardcoded-buildpath/sysroots/x86_64-oesdk-linux/usr/share/man --disable-silent-rules --disable-dependency-tracking --with-libtool-sysroot=/home/sikim/project/bmc/obmc_phoenix_V3.01/build/archercity/tmp/work/x86_64-nativesdk-oesdk-linux/gcc-cross-canadian-arm/11.2.0-r0/recipe-sysroot --with-gnu-ld --enable-shared --enable-languages=c,c++ --enable-threads=posix --enable-multilib --enable-default-pie --enable-c99 --enable-long-long --enable-symvers=gnu --enable-libstdcxx-pch --program-prefix=arm-openbmc-linux-gnueabi- --without-local-prefix --disable-install-libiberty --disable-libssp --enable-libitm --enable-lto --disable-bootstrap --with-system-zlib --with-linker-hash-style=gnu --enable-linker-build-id --with-ppl=no --with-cloog=no --enable-checking=release --enable-cheaders=c_global --without-isl --with-gxx-include-dir=/not/exist/usr/include/c++/11.2.0 --with-build-time-tools=/home/sikim/project/bmc/obmc_phoenix_V3.01/build/archercity/tmp/work/x86_64-nativesdk-oesdk-linux/gcc-cross-canadian-arm/11.2.0-r0/recipe-sysroot-native/usr/arm-openbmc-linux-gnueabi/bin --with-sysroot=/not/exist --with-build-sysroot=/home/sikim/project/bmc/obmc_phoenix_V3.01/build/archercity/tmp/work/x86_64-nativesdk-oesdk-linux/gcc-cross-canadian-arm/11.2.0-r0/recipe-sysroot --enable-standard-branch-protection --enable-poison-system-directories --disable-static --enable-nls --with-glibc-version=2.28 --enable-initfini-array
Thread model: posix
Supported LTO compression algorithms: zlib
gcc version 11.2.0 (GCC) 
COMPILER_PATH=/usr/local/oecore-x86_64/sysroots/x86_64-oesdk-linux/usr/libexec/arm-openbmc-linux-gnueabi/gcc/arm-openbmc-linux-gnueabi/11.2.0/:/usr/local/oecore-x86_64/sysroots/x86_64-oesdk-linux/usr/libexec/arm-openbmc-linux-gnueabi/gcc/arm-openbmc-linux-gnueabi/11.2.0/:/usr/local/oecore-x86_64/sysroots/x86_64-oesdk-linux/usr/libexec/arm-openbmc-linux-gnueabi/gcc/arm-openbmc-linux-gnueabi/:/usr/local/oecore-x86_64/sysroots/x86_64-oesdk-linux/usr/lib/arm-openbmc-linux-gnueabi/gcc/arm-openbmc-linux-gnueabi/11.2.0/:/usr/local/oecore-x86_64/sysroots/x86_64-oesdk-linux/usr/lib/arm-openbmc-linux-gnueabi/gcc/arm-openbmc-linux-gnueabi/
LIBRARY_PATH=/usr/local/oecore-x86_64/sysroots/x86_64-oesdk-linux/usr/lib/arm-openbmc-linux-gnueabi/gcc/arm-openbmc-linux-gnueabi/11.2.0/:/usr/local/oecore-x86_64/sysroots/armv7ahf-vfpv4d16-openbmc-linux-gnueabi/lib/:/usr/local/oecore-x86_64/sysroots/armv7ahf-vfpv4d16-openbmc-linux-gnueabi/usr/lib/arm-openbmc-linux-gnueabi/11.2.0/:/usr/local/oecore-x86_64/sysroots/armv7ahf-vfpv4d16-openbmc-linux-gnueabi/usr/lib/
COLLECT_GCC_OPTIONS='--sysroot=/usr/local/oecore-x86_64/sysroots/armv7ahf-vfpv4d16-openbmc-linux-gnueabi' '-mfloat-abi=hard' '-mfpu=neon' '-v' '-rdynamic' '-o' 'cmTC_ed664' '-shared-libgcc' '-mcpu=arm10tdmi' '-mtls-dialect=gnu' '-marm' '-mlibarch=armv5t' '-march=armv5t' '-dumpdir' 'cmTC_ed664.'
 /usr/local/oecore-x86_64/sysroots/x86_64-oesdk-linux/usr/libexec/arm-openbmc-linux-gnueabi/gcc/arm-openbmc-linux-gnueabi/11.2.0/collect2 -plugin /usr/local/oecore-x86_64/sysroots/x86_64-oesdk-linux/usr/libexec/arm-openbmc-linux-gnueabi/gcc/arm-openbmc-linux-gnueabi/11.2.0/liblto_plugin.so -plugin-opt=/usr/local/oecore-x86_64/sysroots/x86_64-oesdk-linux/usr/libexec/arm-openbmc-linux-gnueabi/gcc/arm-openbmc-linux-gnueabi/11.2.0/lto-wrapper -plugin-opt=-fresolution=/tmp/ccyztuph.res -plugin-opt=-pass-through=-lgcc_s -plugin-opt=-pass-through=-lgcc -plugin-opt=-pass-through=-lc -plugin-opt=-pass-through=-lgcc_s -plugin-opt=-pass-through=-lgcc --sysroot=/usr/local/oecore-x86_64/sysroots/armv7ahf-vfpv4d16-openbmc-linux-gnueabi --build-id --eh-frame-hdr --hash-style=gnu -export-dynamic -dynamic-linker /lib/ld-linux-armhf.so.3 -X -m armelf_linux_eabi -pie -o cmTC_ed664 /usr/local/oecore-x86_64/sysroots/armv7ahf-vfpv4d16-openbmc-linux-gnueabi/usr/lib/Scrt1.o /usr/local/oecore-x86_64/sysroots/armv7ahf-vfpv4d16-openbmc-linux-gnueabi/usr/lib/crti.o /usr/local/oecore-x86_64/sysroots/armv7ahf-vfpv4d16-openbmc-linux-gnueabi/usr/lib/arm-openbmc-linux-gnueabi/11.2.0/crtbeginS.o -L/usr/local/oecore-x86_64/sysroots/x86_64-oesdk-linux/usr/lib/arm-openbmc-linux-gnueabi/gcc/arm-openbmc-linux-gnueabi/11.2.0 -L/usr/local/oecore-x86_64/sysroots/armv7ahf-vfpv4d16-openbmc-linux-gnueabi/lib -L/usr/local/oecore-x86_64/sysroots/armv7ahf-vfpv4d16-openbmc-linux-gnueabi/usr/lib/arm-openbmc-linux-gnueabi/11.2.0 -L/usr/local/oecore-x86_64/sysroots/armv7ahf-vfpv4d16-openbmc-linux-gnueabi/usr/lib CMakeFiles/cmTC_ed664.dir/CMakeCXXCompilerABI.cpp.o -lstdc++ -lm -lgcc_s -lgcc -lc -lgcc_s -lgcc /usr/local/oecore-x86_64/sysroots/armv7ahf-vfpv4d16-openbmc-linux-gnueabi/usr/lib/arm-openbmc-linux-gnueabi/11.2.0/crtendS.o /usr/local/oecore-x86_64/sysroots/armv7ahf-vfpv4d16-openbmc-linux-gnueabi/usr/lib/crtn.o
COLLECT_GCC_OPTIONS='--sysroot=/usr/local/oecore-x86_64/sysroots/armv7ahf-vfpv4d16-openbmc-linux-gnueabi' '-mfloat-abi=hard' '-mfpu=neon' '-v' '-rdynamic' '-o' 'cmTC_ed664' '-shared-libgcc' '-mcpu=arm10tdmi' '-mtls-dialect=gnu' '-marm' '-mlibarch=armv5t' '-march=armv5t' '-dumpdir' 'cmTC_ed664.'



Parsed CXX implicit include dir info from above output: rv=done
  found start of include info
  found start of implicit include info
    add: [/usr/local/oecore-x86_64/sysroots/armv7ahf-vfpv4d16-openbmc-linux-gnueabi/usr/include/c++/11.2.0]
    add: [/usr/local/oecore-x86_64/sysroots/armv7ahf-vfpv4d16-openbmc-linux-gnueabi/usr/include/c++/11.2.0/arm-openbmc-linux-gnueabi]
    add: [/usr/local/oecore-x86_64/sysroots/armv7ahf-vfpv4d16-openbmc-linux-gnueabi/usr/include/c++/11.2.0/backward]
    add: [/usr/local/oecore-x86_64/sysroots/x86_64-oesdk-linux/usr/lib/arm-openbmc-linux-gnueabi/gcc/arm-openbmc-linux-gnueabi/11.2.0/include]
    add: [/usr/local/oecore-x86_64/sysroots/x86_64-oesdk-linux/usr/lib/arm-openbmc-linux-gnueabi/gcc/arm-openbmc-linux-gnueabi/11.2.0/include-fixed]
    add: [/usr/local/oecore-x86_64/sysroots/armv7ahf-vfpv4d16-openbmc-linux-gnueabi/usr/include/]
  end of search list found
  collapse include dir [/usr/local/oecore-x86_64/sysroots/armv7ahf-vfpv4d16-openbmc-linux-gnueabi/usr/include/c++/11.2.0] ==> [/usr/local/oecore-x86_64/sysroots/armv7ahf-vfpv4d16-openbmc-linux-gnueabi/usr/include/c++/11.2.0]
  collapse include dir [/usr/local/oecore-x86_64/sysroots/armv7ahf-vfpv4d16-openbmc-linux-gnueabi/usr/include/c++/11.2.0/arm-openbmc-linux-gnueabi] ==> [/usr/local/oecore-x86_64/sysroots/armv7ahf-vfpv4d16-openbmc-linux-gnueabi/usr/include/c++/11.2.0/arm-openbmc-linux-gnueabi]
  collapse include dir [/usr/local/oecore-x86_64/sysroots/armv7ahf-vfpv4d16-openbmc-linux-gnueabi/usr/include/c++/11.2.0/backward] ==> [/usr/local/oecore-x86_64/sysroots/armv7ahf-vfpv4d16-openbmc-linux-gnueabi/usr/include/c++/11.2.0/backward]
  collapse include dir [/usr/local/oecore-x86_64/sysroots/x86_64-oesdk-linux/usr/lib/arm-openbmc-linux-gnueabi/gcc/arm-openbmc-linux-gnueabi/11.2.0/include] ==> [/usr/local/oecore-x86_64/sysroots/x86_64-oesdk-linux/usr/lib/arm-openbmc-linux-gnueabi/gcc/arm-openbmc-linux-gnueabi/11.2.0/include]
  collapse include dir [/usr/local/oecore-x86_64/sysroots/x86_64-oesdk-linux/usr/lib/arm-openbmc-linux-gnueabi/gcc/arm-openbmc-linux-gnueabi/11.2.0/include-fixed] ==> [/usr/local/oecore-x86_64/sysroots/x86_64-oesdk-linux/usr/lib/arm-openbmc-linux-gnueabi/gcc/arm-openbmc-linux-gnueabi/11.2.0/include-fixed]
  collapse include dir [/usr/local/oecore-x86_64/sysroots/armv7ahf-vfpv4d16-openbmc-linux-gnueabi/usr/include/] ==> [/usr/local/oecore-x86_64/sysroots/armv7ahf-vfpv4d16-openbmc-linux-gnueabi/usr/include]
  implicit include dirs: [/usr/local/oecore-x86_64/sysroots/armv7ahf-vfpv4d16-openbmc-linux-gnueabi/usr/include/c++/11.2.0;/usr/local/oecore-x86_64/sysroots/armv7ahf-vfpv4d16-openbmc-linux-gnueabi/usr/include/c++/11.2.0/arm-openbmc-linux-gnueabi;/usr/local/oecore-x86_64/sysroots/armv7ahf-vfpv4d16-openbmc-linux-gnueabi/usr/include/c++/11.2.0/backward;/usr/local/oecore-x86_64/sysroots/x86_64-oesdk-linux/usr/lib/arm-openbmc-linux-gnueabi/gcc/arm-openbmc-linux-gnueabi/11.2.0/include;/usr/local/oecore-x86_64/sysroots/x86_64-oesdk-linux/usr/lib/arm-openbmc-linux-gnueabi/gcc/arm-openbmc-linux-gnueabi/11.2.0/include-fixed;/usr/local/oecore-x86_64/sysroots/armv7ahf-vfpv4d16-openbmc-linux-gnueabi/usr/include]


Parsed CXX implicit link information from above output:
  link line regex: [^( *|.*[/\])(arm-openbmc-linux-gnueabi-ld|CMAKE_LINK_STARTFILE-NOTFOUND|([^/\]+-)?ld|collect2)[^/\]*( |$)]
  ignore line: [Change Dir: /home/yjlee/git_yj/BMC-CrossCompile/rwi2c/build/CMakeFiles/CMakeTmp]
  ignore line: []
  ignore line: [Run Build Command(s):/usr/bin/ninja cmTC_ed664 && [1/2] Building CXX object CMakeFiles/cmTC_ed664.dir/CMakeCXXCompilerABI.cpp.o]
  ignore line: [Using built-in specs.]
  ignore line: [COLLECT_GCC=/usr/local/oecore-x86_64/sysroots/x86_64-oesdk-linux/usr/bin/arm-openbmc-linux-gnueabi/arm-openbmc-linux-gnueabi-g++]
  ignore line: [Target: arm-openbmc-linux-gnueabi]
  ignore line: [Configured with: ../../../../../../work-shared/gcc-11.2.0-r0/gcc-11.2.0/configure --build=x86_64-linux --host=x86_64-oesdk-linux --target=arm-openbmc-linux-gnueabi --prefix=/usr/local/oe-sdk-hardcoded-buildpath/sysroots/x86_64-oesdk-linux/usr --exec_prefix=/usr/local/oe-sdk-hardcoded-buildpath/sysroots/x86_64-oesdk-linux/usr --bindir=/usr/local/oe-sdk-hardcoded-buildpath/sysroots/x86_64-oesdk-linux/usr/bin/arm-openbmc-linux-gnueabi --sbindir=/usr/local/oe-sdk-hardcoded-buildpath/sysroots/x86_64-oesdk-linux/usr/bin/arm-openbmc-linux-gnueabi --libexecdir=/usr/local/oe-sdk-hardcoded-buildpath/sysroots/x86_64-oesdk-linux/usr/libexec/arm-openbmc-linux-gnueabi --datadir=/usr/local/oe-sdk-hardcoded-buildpath/sysroots/x86_64-oesdk-linux/usr/share --sysconfdir=/usr/local/oe-sdk-hardcoded-buildpath/sysroots/x86_64-oesdk-linux/etc --sharedstatedir=/usr/local/oe-sdk-hardcoded-buildpath/sysroots/x86_64-oesdk-linux/com --localstatedir=/usr/local/oe-sdk-hardcoded-buildpath/sysroots/x86_64-oesdk-linux/var --libdir=/usr/local/oe-sdk-hardcoded-buildpath/sysroots/x86_64-oesdk-linux/usr/lib/arm-openbmc-linux-gnueabi --includedir=/usr/local/oe-sdk-hardcoded-buildpath/sysroots/x86_64-oesdk-linux/usr/include --oldincludedir=/usr/local/oe-sdk-hardcoded-buildpath/sysroots/x86_64-oesdk-linux/usr/include --infodir=/usr/local/oe-sdk-hardcoded-buildpath/sysroots/x86_64-oesdk-linux/usr/share/info --mandir=/usr/local/oe-sdk-hardcoded-buildpath/sysroots/x86_64-oesdk-linux/usr/share/man --disable-silent-rules --disable-dependency-tracking --with-libtool-sysroot=/home/sikim/project/bmc/obmc_phoenix_V3.01/build/archercity/tmp/work/x86_64-nativesdk-oesdk-linux/gcc-cross-canadian-arm/11.2.0-r0/recipe-sysroot --with-gnu-ld --enable-shared --enable-languages=c,c++ --enable-threads=posix --enable-multilib --enable-default-pie --enable-c99 --enable-long-long --enable-symvers=gnu --enable-libstdcxx-pch --program-prefix=arm-openbmc-linux-gnueabi- --without-local-prefix --disable-install-libiberty --disable-libssp --enable-libitm --enable-lto --disable-bootstrap --with-system-zlib --with-linker-hash-style=gnu --enable-linker-build-id --with-ppl=no --with-cloog=no --enable-checking=release --enable-cheaders=c_global --without-isl --with-gxx-include-dir=/not/exist/usr/include/c++/11.2.0 --with-build-time-tools=/home/sikim/project/bmc/obmc_phoenix_V3.01/build/archercity/tmp/work/x86_64-nativesdk-oesdk-linux/gcc-cross-canadian-arm/11.2.0-r0/recipe-sysroot-native/usr/arm-openbmc-linux-gnueabi/bin --with-sysroot=/not/exist --with-build-sysroot=/home/sikim/project/bmc/obmc_phoenix_V3.01/build/archercity/tmp/work/x86_64-nativesdk-oesdk-linux/gcc-cross-canadian-arm/11.2.0-r0/recipe-sysroot --enable-standard-branch-protection --enable-poison-system-directories --disable-static --enable-nls --with-glibc-version=2.28 --enable-initfini-array]
  ignore line: [Thread model: posix]
  ignore line: [Supported LTO compression algorithms: zlib]
  ignore line: [gcc version 11.2.0 (GCC) ]
  ignore line: [COLLECT_GCC_OPTIONS='--sysroot=/usr/local/oecore-x86_64/sysroots/armv7ahf-vfpv4d16-openbmc-linux-gnueabi' '-mfloat-abi=hard' '-mfpu=neon' '-v' '-o' 'CMakeFiles/cmTC_ed664.dir/CMakeCXXCompilerABI.cpp.o' '-c' '-shared-libgcc' '-mcpu=arm10tdmi' '-mtls-dialect=gnu' '-marm' '-mlibarch=armv5t' '-march=armv5t' '-dumpdir' 'CMakeFiles/cmTC_ed664.dir/']
  ignore line: [ /usr/local/oecore-x86_64/sysroots/x86_64-oesdk-linux/usr/libexec/arm-openbmc-linux-gnueabi/gcc/arm-openbmc-linux-gnueabi/11.2.0/cc1plus -quiet -v -isysroot /usr/local/oecore-x86_64/sysroots/armv7ahf-vfpv4d16-openbmc-linux-gnueabi -D_GNU_SOURCE /usr/share/cmake-3.22/Modules/CMakeCXXCompilerABI.cpp -quiet -dumpdir CMakeFiles/cmTC_ed664.dir/ -dumpbase CMakeCXXCompilerABI.cpp.cpp -dumpbase-ext .cpp -mfloat-abi=hard -mfpu=neon -mcpu=arm10tdmi -mtls-dialect=gnu -marm -mlibarch=armv5t -march=armv5t -version -o /tmp/cc7nc6lB.s]
  ignore line: [GNU C++17 (GCC) version 11.2.0 (arm-openbmc-linux-gnueabi)]
  ignore line: [	compiled by GNU C version 11.2.0  GMP version 6.2.1  MPFR version 4.1.0  MPC version 1.2.1  isl version none]
  ignore line: [GGC heuristics: --param ggc-min-expand=100 --param ggc-min-heapsize=131072]
  ignore line: [ignoring nonexistent directory "/usr/local/oecore-x86_64/sysroots/armv7ahf-vfpv4d16-openbmc-linux-gnueabi/usr/lib/arm-openbmc-linux-gnueabi/11.2.0/include"]
  ignore line: [ignoring nonexistent directory "/usr/local/oecore-x86_64/sysroots/armv7ahf-vfpv4d16-openbmc-linux-gnueabi/usr/local/include"]
  ignore line: [ignoring nonexistent directory "/usr/local/oecore-x86_64/sysroots/x86_64-oesdk-linux/usr/lib/arm-openbmc-linux-gnueabi/gcc/arm-openbmc-linux-gnueabi/11.2.0/../../../../../arm-openbmc-linux-gnueabi/include"]
  ignore line: [#include "..." search starts here:]
  ignore line: [#include <...> search starts here:]
  ignore line: [ /usr/local/oecore-x86_64/sysroots/armv7ahf-vfpv4d16-openbmc-linux-gnueabi/usr/include/c++/11.2.0]
  ignore line: [ /usr/local/oecore-x86_64/sysroots/armv7ahf-vfpv4d16-openbmc-linux-gnueabi/usr/include/c++/11.2.0/arm-openbmc-linux-gnueabi]
  ignore line: [ /usr/local/oecore-x86_64/sysroots/armv7ahf-vfpv4d16-openbmc-linux-gnueabi/usr/include/c++/11.2.0/backward]
  ignore line: [ /usr/local/oecore-x86_64/sysroots/x86_64-oesdk-linux/usr/lib/arm-openbmc-linux-gnueabi/gcc/arm-openbmc-linux-gnueabi/11.2.0/include]
  ignore line: [ /usr/local/oecore-x86_64/sysroots/x86_64-oesdk-linux/usr/lib/arm-openbmc-linux-gnueabi/gcc/arm-openbmc-linux-gnueabi/11.2.0/include-fixed]
  ignore line: [ /usr/local/oecore-x86_64/sysroots/armv7ahf-vfpv4d16-openbmc-linux-gnueabi/usr/include/]
  ignore line: [End of search list.]
  ignore line: [GNU C++17 (GCC) version 11.2.0 (arm-openbmc-linux-gnueabi)]
  ignore line: [	compiled by GNU C version 11.2.0  GMP version 6.2.1  MPFR version 4.1.0  MPC version 1.2.1  isl version none]
  ignore line: [GGC heuristics: --param ggc-min-expand=100 --param ggc-min-heapsize=131072]
  ignore line: [Compiler executable checksum: a713e01ade090c18905079a3e28f6266]
  ignore line: [COLLECT_GCC_OPTIONS='--sysroot=/usr/local/oecore-x86_64/sysroots/armv7ahf-vfpv4d16-openbmc-linux-gnueabi' '-mfloat-abi=hard' '-mfpu=neon' '-v' '-o' 'CMakeFiles/cmTC_ed664.dir/CMakeCXXCompilerABI.cpp.o' '-c' '-shared-libgcc' '-mcpu=arm10tdmi' '-mtls-dialect=gnu' '-marm' '-mlibarch=armv5t' '-march=armv5t' '-dumpdir' 'CMakeFiles/cmTC_ed664.dir/']
  ignore line: [ /usr/local/oecore-x86_64/sysroots/x86_64-oesdk-linux/usr/libexec/arm-openbmc-linux-gnueabi/gcc/arm-openbmc-linux-gnueabi/11.2.0/as -v -march=armv5t -mfloat-abi=hard -mfpu=neon -meabi=5 -o CMakeFiles/cmTC_ed664.dir/CMakeCXXCompilerABI.cpp.o /tmp/cc7nc6lB.s]
  ignore line: [GNU assembler version 2.37 (arm-openbmc-linux-gnueabi) using BFD version (GNU Binutils) 2.37.20210721]
  ignore line: [COMPILER_PATH=/usr/local/oecore-x86_64/sysroots/x86_64-oesdk-linux/usr/libexec/arm-openbmc-linux-gnueabi/gcc/arm-openbmc-linux-gnueabi/11.2.0/:/usr/local/oecore-x86_64/sysroots/x86_64-oesdk-linux/usr/libexec/arm-openbmc-linux-gnueabi/gcc/arm-openbmc-linux-gnueabi/11.2.0/:/usr/local/oecore-x86_64/sysroots/x86_64-oesdk-linux/usr/libexec/arm-openbmc-linux-gnueabi/gcc/arm-openbmc-linux-gnueabi/:/usr/local/oecore-x86_64/sysroots/x86_64-oesdk-linux/usr/lib/arm-openbmc-linux-gnueabi/gcc/arm-openbmc-linux-gnueabi/11.2.0/:/usr/local/oecore-x86_64/sysroots/x86_64-oesdk-linux/usr/lib/arm-openbmc-linux-gnueabi/gcc/arm-openbmc-linux-gnueabi/]
  ignore line: [LIBRARY_PATH=/usr/local/oecore-x86_64/sysroots/x86_64-oesdk-linux/usr/lib/arm-openbmc-linux-gnueabi/gcc/arm-openbmc-linux-gnueabi/11.2.0/:/usr/local/oecore-x86_64/sysroots/armv7ahf-vfpv4d16-openbmc-linux-gnueabi/lib/:/usr/local/oecore-x86_64/sysroots/armv7ahf-vfpv4d16-openbmc-linux-gnueabi/usr/lib/arm-openbmc-linux-gnueabi/11.2.0/:/usr/local/oecore-x86_64/sysroots/armv7ahf-vfpv4d16-openbmc-linux-gnueabi/usr/lib/]
  ignore line: [COLLECT_GCC_OPTIONS='--sysroot=/usr/local/oecore-x86_64/sysroots/armv7ahf-vfpv4d16-openbmc-linux-gnueabi' '-mfloat-abi=hard' '-mfpu=neon' '-v' '-o' 'CMakeFiles/cmTC_ed664.dir/CMakeCXXCompilerABI.cpp.o' '-c' '-shared-libgcc' '-mcpu=arm10tdmi' '-mtls-dialect=gnu' '-marm' '-mlibarch=armv5t' '-march=armv5t' '-dumpdir' 'CMakeFiles/cmTC_ed664.dir/CMakeCXXCompilerABI.cpp.']
  ignore line: [[2/2] Linking CXX executable cmTC_ed664]
  ignore line: [Using built-in specs.]
  ignore line: [COLLECT_GCC=/usr/local/oecore-x86_64/sysroots/x86_64-oesdk-linux/usr/bin/arm-openbmc-linux-gnueabi/arm-openbmc-linux-gnueabi-g++]
  ignore line: [COLLECT_LTO_WRAPPER=/usr/local/oecore-x86_64/sysroots/x86_64-oesdk-linux/usr/libexec/arm-openbmc-linux-gnueabi/gcc/arm-openbmc-linux-gnueabi/11.2.0/lto-wrapper]
  ignore line: [Target: arm-openbmc-linux-gnueabi]
  ignore line: [Configured with: ../../../../../../work-shared/gcc-11.2.0-r0/gcc-11.2.0/configure --build=x86_64-linux --host=x86_64-oesdk-linux --target=arm-openbmc-linux-gnueabi --prefix=/usr/local/oe-sdk-hardcoded-buildpath/sysroots/x86_64-oesdk-linux/usr --exec_prefix=/usr/local/oe-sdk-hardcoded-buildpath/sysroots/x86_64-oesdk-linux/usr --bindir=/usr/local/oe-sdk-hardcoded-buildpath/sysroots/x86_64-oesdk-linux/usr/bin/arm-openbmc-linux-gnueabi --sbindir=/usr/local/oe-sdk-hardcoded-buildpath/sysroots/x86_64-oesdk-linux/usr/bin/arm-openbmc-linux-gnueabi --libexecdir=/usr/local/oe-sdk-hardcoded-buildpath/sysroots/x86_64-oesdk-linux/usr/libexec/arm-openbmc-linux-gnueabi --datadir=/usr/local/oe-sdk-hardcoded-buildpath/sysroots/x86_64-oesdk-linux/usr/share --sysconfdir=/usr/local/oe-sdk-hardcoded-buildpath/sysroots/x86_64-oesdk-linux/etc --sharedstatedir=/usr/local/oe-sdk-hardcoded-buildpath/sysroots/x86_64-oesdk-linux/com --localstatedir=/usr/local/oe-sdk-hardcoded-buildpath/sysroots/x86_64-oesdk-linux/var --libdir=/usr/local/oe-sdk-hardcoded-buildpath/sysroots/x86_64-oesdk-linux/usr/lib/arm-openbmc-linux-gnueabi --includedir=/usr/local/oe-sdk-hardcoded-buildpath/sysroots/x86_64-oesdk-linux/usr/include --oldincludedir=/usr/local/oe-sdk-hardcoded-buildpath/sysroots/x86_64-oesdk-linux/usr/include --infodir=/usr/local/oe-sdk-hardcoded-buildpath/sysroots/x86_64-oesdk-linux/usr/share/info --mandir=/usr/local/oe-sdk-hardcoded-buildpath/sysroots/x86_64-oesdk-linux/usr/share/man --disable-silent-rules --disable-dependency-tracking --with-libtool-sysroot=/home/sikim/project/bmc/obmc_phoenix_V3.01/build/archercity/tmp/work/x86_64-nativesdk-oesdk-linux/gcc-cross-canadian-arm/11.2.0-r0/recipe-sysroot --with-gnu-ld --enable-shared --enable-languages=c,c++ --enable-threads=posix --enable-multilib --enable-default-pie --enable-c99 --enable-long-long --enable-symvers=gnu --enable-libstdcxx-pch --program-prefix=arm-openbmc-linux-gnueabi- --without-local-prefix --disable-install-libiberty --disable-libssp --enable-libitm --enable-lto --disable-bootstrap --with-system-zlib --with-linker-hash-style=gnu --enable-linker-build-id --with-ppl=no --with-cloog=no --enable-checking=release --enable-cheaders=c_global --without-isl --with-gxx-include-dir=/not/exist/usr/include/c++/11.2.0 --with-build-time-tools=/home/sikim/project/bmc/obmc_phoenix_V3.01/build/archercity/tmp/work/x86_64-nativesdk-oesdk-linux/gcc-cross-canadian-arm/11.2.0-r0/recipe-sysroot-native/usr/arm-openbmc-linux-gnueabi/bin --with-sysroot=/not/exist --with-build-sysroot=/home/sikim/project/bmc/obmc_phoenix_V3.01/build/archercity/tmp/work/x86_64-nativesdk-oesdk-linux/gcc-cross-canadian-arm/11.2.0-r0/recipe-sysroot --enable-standard-branch-protection --enable-poison-system-directories --disable-static --enable-nls --with-glibc-version=2.28 --enable-initfini-array]
  ignore line: [Thread model: posix]
  ignore line: [Supported LTO compression algorithms: zlib]
  ignore line: [gcc version 11.2.0 (GCC) ]
  ignore line: [COMPILER_PATH=/usr/local/oecore-x86_64/sysroots/x86_64-oesdk-linux/usr/libexec/arm-openbmc-linux-gnueabi/gcc/arm-openbmc-linux-gnueabi/11.2.0/:/usr/local/oecore-x86_64/sysroots/x86_64-oesdk-linux/usr/libexec/arm-openbmc-linux-gnueabi/gcc/arm-openbmc-linux-gnueabi/11.2.0/:/usr/local/oecore-x86_64/sysroots/x86_64-oesdk-linux/usr/libexec/arm-openbmc-linux-gnueabi/gcc/arm-openbmc-linux-gnueabi/:/usr/local/oecore-x86_64/sysroots/x86_64-oesdk-linux/usr/lib/arm-openbmc-linux-gnueabi/gcc/arm-openbmc-linux-gnueabi/11.2.0/:/usr/local/oecore-x86_64/sysroots/x86_64-oesdk-linux/usr/lib/arm-openbmc-linux-gnueabi/gcc/arm-openbmc-linux-gnueabi/]
  ignore line: [LIBRARY_PATH=/usr/local/oecore-x86_64/sysroots/x86_64-oesdk-linux/usr/lib/arm-openbmc-linux-gnueabi/gcc/arm-openbmc-linux-gnueabi/11.2.0/:/usr/local/oecore-x86_64/sysroots/armv7ahf-vfpv4d16-openbmc-linux-gnueabi/lib/:/usr/local/oecore-x86_64/sysroots/armv7ahf-vfpv4d16-openbmc-linux-gnueabi/usr/lib/arm-openbmc-linux-gnueabi/11.2.0/:/usr/local/oecore-x86_64/sysroots/armv7ahf-vfpv4d16-openbmc-linux-gnueabi/usr/lib/]
  ignore line: [COLLECT_GCC_OPTIONS='--sysroot=/usr/local/oecore-x86_64/sysroots/armv7ahf-vfpv4d16-openbmc-linux-gnueabi' '-mfloat-abi=hard' '-mfpu=neon' '-v' '-rdynamic' '-o' 'cmTC_ed664' '-shared-libgcc' '-mcpu=arm10tdmi' '-mtls-dialect=gnu' '-marm' '-mlibarch=armv5t' '-march=armv5t' '-dumpdir' 'cmTC_ed664.']
  link line: [ /usr/local/oecore-x86_64/sysroots/x86_64-oesdk-linux/usr/libexec/arm-openbmc-linux-gnueabi/gcc/arm-openbmc-linux-gnueabi/11.2.0/collect2 -plugin /usr/local/oecore-x86_64/sysroots/x86_64-oesdk-linux/usr/libexec/arm-openbmc-linux-gnueabi/gcc/arm-openbmc-linux-gnueabi/11.2.0/liblto_plugin.so -plugin-opt=/usr/local/oecore-x86_64/sysroots/x86_64-oesdk-linux/usr/libexec/arm-openbmc-linux-gnueabi/gcc/arm-openbmc-linux-gnueabi/11.2.0/lto-wrapper -plugin-opt=-fresolution=/tmp/ccyztuph.res -plugin-opt=-pass-through=-lgcc_s -plugin-opt=-pass-through=-lgcc -plugin-opt=-pass-through=-lc -plugin-opt=-pass-through=-lgcc_s -plugin-opt=-pass-through=-lgcc --sysroot=/usr/local/oecore-x86_64/sysroots/armv7ahf-vfpv4d16-openbmc-linux-gnueabi --build-id --eh-frame-hdr --hash-style=gnu -export-dynamic -dynamic-linker /lib/ld-linux-armhf.so.3 -X -m armelf_linux_eabi -pie -o cmTC_ed664 /usr/local/oecore-x86_64/sysroots/armv7ahf-vfpv4d16-openbmc-linux-gnueabi/usr/lib/Scrt1.o /usr/local/oecore-x86_64/sysroots/armv7ahf-vfpv4d16-openbmc-linux-gnueabi/usr/lib/crti.o /usr/local/oecore-x86_64/sysroots/armv7ahf-vfpv4d16-openbmc-linux-gnueabi/usr/lib/arm-openbmc-linux-gnueabi/11.2.0/crtbeginS.o -L/usr/local/oecore-x86_64/sysroots/x86_64-oesdk-linux/usr/lib/arm-openbmc-linux-gnueabi/gcc/arm-openbmc-linux-gnueabi/11.2.0 -L/usr/local/oecore-x86_64/sysroots/armv7ahf-vfpv4d16-openbmc-linux-gnueabi/lib -L/usr/local/oecore-x86_64/sysroots/armv7ahf-vfpv4d16-openbmc-linux-gnueabi/usr/lib/arm-openbmc-linux-gnueabi/11.2.0 -L/usr/local/oecore-x86_64/sysroots/armv7ahf-vfpv4d16-openbmc-linux-gnueabi/usr/lib CMakeFiles/cmTC_ed664.dir/CMakeCXXCompilerABI.cpp.o -lstdc++ -lm -lgcc_s -lgcc -lc -lgcc_s -lgcc /usr/local/oecore-x86_64/sysroots/armv7ahf-vfpv4d16-openbmc-linux-gnueabi/usr/lib/arm-openbmc-linux-gnueabi/11.2.0/crtendS.o /usr/local/oecore-x86_64/sysroots/armv7ahf-vfpv4d16-openbmc-linux-gnueabi/usr/lib/crtn.o]
    arg [/usr/local/oecore-x86_64/sysroots/x86_64-oesdk-linux/usr/libexec/arm-openbmc-linux-gnueabi/gcc/arm-openbmc-linux-gnueabi/11.2.0/collect2] ==> ignore
    arg [-plugin] ==> ignore
    arg [/usr/local/oecore-x86_64/sysroots/x86_64-oesdk-linux/usr/libexec/arm-openbmc-linux-gnueabi/gcc/arm-openbmc-linux-gnueabi/11.2.0/liblto_plugin.so] ==> ignore
    arg [-plugin-opt=/usr/local/oecore-x86_64/sysroots/x86_64-oesdk-linux/usr/libexec/arm-openbmc-linux-gnueabi/gcc/arm-openbmc-linux-gnueabi/11.2.0/lto-wrapper] ==> ignore
    arg [-plugin-opt=-fresolution=/tmp/ccyztuph.res] ==> ignore
    arg [-plugin-opt=-pass-through=-lgcc_s] ==> ignore
    arg [-plugin-opt=-pass-through=-lgcc] ==> ignore
    arg [-plugin-opt=-pass-through=-lc] ==> ignore
    arg [-plugin-opt=-pass-through=-lgcc_s] ==> ignore
    arg [-plugin-opt=-pass-through=-lgcc] ==> ignore
    arg [--sysroot=/usr/local/oecore-x86_64/sysroots/armv7ahf-vfpv4d16-openbmc-linux-gnueabi] ==> ignore
    arg [--build-id] ==> ignore
    arg [--eh-frame-hdr] ==> ignore
    arg [--hash-style=gnu] ==> ignore
    arg [-export-dynamic] ==> ignore
    arg [-dynamic-linker] ==> ignore
    arg [/lib/ld-linux-armhf.so.3] ==> ignore
    arg [-X] ==> ignore
    arg [-m] ==> ignore
    arg [armelf_linux_eabi] ==> ignore
    arg [-pie] ==> ignore
    arg [-o] ==> ignore
    arg [cmTC_ed664] ==> ignore
    arg [/usr/local/oecore-x86_64/sysroots/armv7ahf-vfpv4d16-openbmc-linux-gnueabi/usr/lib/Scrt1.o] ==> obj [/usr/local/oecore-x86_64/sysroots/armv7ahf-vfpv4d16-openbmc-linux-gnueabi/usr/lib/Scrt1.o]
    arg [/usr/local/oecore-x86_64/sysroots/armv7ahf-vfpv4d16-openbmc-linux-gnueabi/usr/lib/crti.o] ==> obj [/usr/local/oecore-x86_64/sysroots/armv7ahf-vfpv4d16-openbmc-linux-gnueabi/usr/lib/crti.o]
    arg [/usr/local/oecore-x86_64/sysroots/armv7ahf-vfpv4d16-openbmc-linux-gnueabi/usr/lib/arm-openbmc-linux-gnueabi/11.2.0/crtbeginS.o] ==> obj [/usr/local/oecore-x86_64/sysroots/armv7ahf-vfpv4d16-openbmc-linux-gnueabi/usr/lib/arm-openbmc-linux-gnueabi/11.2.0/crtbeginS.o]
    arg [-L/usr/local/oecore-x86_64/sysroots/x86_64-oesdk-linux/usr/lib/arm-openbmc-linux-gnueabi/gcc/arm-openbmc-linux-gnueabi/11.2.0] ==> dir [/usr/local/oecore-x86_64/sysroots/x86_64-oesdk-linux/usr/lib/arm-openbmc-linux-gnueabi/gcc/arm-openbmc-linux-gnueabi/11.2.0]
    arg [-L/usr/local/oecore-x86_64/sysroots/armv7ahf-vfpv4d16-openbmc-linux-gnueabi/lib] ==> dir [/usr/local/oecore-x86_64/sysroots/armv7ahf-vfpv4d16-openbmc-linux-gnueabi/lib]
    arg [-L/usr/local/oecore-x86_64/sysroots/armv7ahf-vfpv4d16-openbmc-linux-gnueabi/usr/lib/arm-openbmc-linux-gnueabi/11.2.0] ==> dir [/usr/local/oecore-x86_64/sysroots/armv7ahf-vfpv4d16-openbmc-linux-gnueabi/usr/lib/arm-openbmc-linux-gnueabi/11.2.0]
    arg [-L/usr/local/oecore-x86_64/sysroots/armv7ahf-vfpv4d16-openbmc-linux-gnueabi/usr/lib] ==> dir [/usr/local/oecore-x86_64/sysroots/armv7ahf-vfpv4d16-openbmc-linux-gnueabi/usr/lib]
    arg [CMakeFiles/cmTC_ed664.dir/CMakeCXXCompilerABI.cpp.o] ==> ignore
    arg [-lstdc++] ==> lib [stdc++]
    arg [-lm] ==> lib [m]
    arg [-lgcc_s] ==> lib [gcc_s]
    arg [-lgcc] ==> lib [gcc]
    arg [-lc] ==> lib [c]
    arg [-lgcc_s] ==> lib [gcc_s]
    arg [-lgcc] ==> lib [gcc]
    arg [/usr/local/oecore-x86_64/sysroots/armv7ahf-vfpv4d16-openbmc-linux-gnueabi/usr/lib/arm-openbmc-linux-gnueabi/11.2.0/crtendS.o] ==> obj [/usr/local/oecore-x86_64/sysroots/armv7ahf-vfpv4d16-openbmc-linux-gnueabi/usr/lib/arm-openbmc-linux-gnueabi/11.2.0/crtendS.o]
    arg [/usr/local/oecore-x86_64/sysroots/armv7ahf-vfpv4d16-openbmc-linux-gnueabi/usr/lib/crtn.o] ==> obj [/usr/local/oecore-x86_64/sysroots/armv7ahf-vfpv4d16-openbmc-linux-gnueabi/usr/lib/crtn.o]
  collapse library dir [/usr/local/oecore-x86_64/sysroots/x86_64-oesdk-linux/usr/lib/arm-openbmc-linux-gnueabi/gcc/arm-openbmc-linux-gnueabi/11.2.0] ==> [/usr/local/oecore-x86_64/sysroots/x86_64-oesdk-linux/usr/lib/arm-openbmc-linux-gnueabi/gcc/arm-openbmc-linux-gnueabi/11.2.0]
  collapse library dir [/usr/local/oecore-x86_64/sysroots/armv7ahf-vfpv4d16-openbmc-linux-gnueabi/lib] ==> [/usr/local/oecore-x86_64/sysroots/armv7ahf-vfpv4d16-openbmc-linux-gnueabi/lib]
  collapse library dir [/usr/local/oecore-x86_64/sysroots/armv7ahf-vfpv4d16-openbmc-linux-gnueabi/usr/lib/arm-openbmc-linux-gnueabi/11.2.0] ==> [/usr/local/oecore-x86_64/sysroots/armv7ahf-vfpv4d16-openbmc-linux-gnueabi/usr/lib/arm-openbmc-linux-gnueabi/11.2.0]
  collapse library dir [/usr/local/oecore-x86_64/sysroots/armv7ahf-vfpv4d16-openbmc-linux-gnueabi/usr/lib] ==> [/usr/local/oecore-x86_64/sysroots/armv7ahf-vfpv4d16-openbmc-linux-gnueabi/usr/lib]
  implicit libs: [stdc++;m;gcc_s;gcc;c;gcc_s;gcc]
  implicit objs: [/usr/local/oecore-x86_64/sysroots/armv7ahf-vfpv4d16-openbmc-linux-gnueabi/usr/lib/Scrt1.o;/usr/local/oecore-x86_64/sysroots/armv7ahf-vfpv4d16-openbmc-linux-gnueabi/usr/lib/crti.o;/usr/local/oecore-x86_64/sysroots/armv7ahf-vfpv4d16-openbmc-linux-gnueabi/usr/lib/arm-openbmc-linux-gnueabi/11.2.0/crtbeginS.o;/usr/local/oecore-x86_64/sysroots/armv7ahf-vfpv4d16-openbmc-linux-gnueabi/usr/lib/arm-openbmc-linux-gnueabi/11.2.0/crtendS.o;/usr/local/oecore-x86_64/sysroots/armv7ahf-vfpv4d16-openbmc-linux-gnueabi/usr/lib/crtn.o]
  implicit dirs: [/usr/local/oecore-x86_64/sysroots/x86_64-oesdk-linux/usr/lib/arm-openbmc-linux-gnueabi/gcc/arm-openbmc-linux-gnueabi/11.2.0;/usr/local/oecore-x86_64/sysroots/armv7ahf-vfpv4d16-openbmc-linux-gnueabi/lib;/usr/local/oecore-x86_64/sysroots/armv7ahf-vfpv4d16-openbmc-linux-gnueabi/usr/lib/arm-openbmc-linux-gnueabi/11.2.0;/usr/local/oecore-x86_64/sysroots/armv7ahf-vfpv4d16-openbmc-linux-gnueabi/usr/lib]
  implicit fwks: []


